2026-01-04 07:10:52,790 [INFO] e2e.behave: ============================================================
2026-01-04 07:10:52,790 [INFO] e2e.behave: E2E BDD Test Suite Starting
2026-01-04 07:10:52,790 [INFO] e2e.behave: ============================================================
2026-01-04 07:10:52,791 [INFO] telethon.network.mtprotosender: Connecting to 149.154.167.51:443/TcpFull...
2026-01-04 07:10:52,941 [INFO] telethon.network.mtprotosender: Connection to 149.154.167.51:443/TcpFull complete!
2026-01-04 07:10:54,006 [INFO] tests.e2e.human_client: Connected as: M (ID: 5130989066)
2026-01-04 07:10:54,006 [INFO] e2e.behave: Connected! Testing bot: @eventsbotTestBot
USING RUNNER: behave.runner:Runner
–§—É–Ω–∫—Ü–∏—è: –ü—Ä–æ–≤–µ—Ä–∫–∞ –ø–∞—Ä—Å–µ—Ä–∞ "–î–æ–º –∏—Å–∫—É—Å—Å—Ç–≤" # tests/e2e/features/dom_iskusstv.feature:2

  –§—É–Ω–∫—Ü–∏—è: –ü—Ä–æ–≤–µ—Ä–∫–∞ –ø–∞—Ä—Å–µ—Ä–∞ "–î–æ–º –∏—Å–∫—É—Å—Å—Ç–≤"  # tests/e2e/features/dom_iskusstv.feature:2
2026-01-04 07:10:54,007 [INFO] e2e.behave: 
üìå –°—Ü–µ–Ω–∞—Ä–∏–π: –ü—Ä–æ–≤–µ—Ä–∫–∞ —Å—Ç–∞—Ä—Ç–æ–≤–æ–≥–æ –º–µ–Ω—é

  –°—Ü–µ–Ω–∞—Ä–∏–π: –ü—Ä–æ–≤–µ—Ä–∫–∞ —Å—Ç–∞—Ä—Ç–æ–≤–æ–≥–æ –º–µ–Ω—é                         # tests/e2e/features/dom_iskusstv.feature:8
    –î–∞–Ω–æ —è –∞–≤—Ç–æ—Ä–∏–∑–æ–≤–∞–Ω –≤ –∫–ª–∏–µ–Ω—Ç–µ Telethon                    # tests/e2e/features/steps/bot_steps.py:49
2026-01-04 07:10:54,008 [INFO] e2e.steps: ‚úì –ö–ª–∏–µ–Ω—Ç –∞–≤—Ç–æ—Ä–∏–∑–æ–≤–∞–Ω
    –ò —è –æ—Ç–∫—Ä—ã–ª —á–∞—Ç —Å –±–æ—Ç–æ–º                                   # tests/e2e/features/steps/bot_steps.py:57
2026-01-04 07:10:54,173 [INFO] e2e.steps: ‚úì –û—Ç–∫—Ä—ã—Ç —á–∞—Ç —Å @eventsbotTestBot
    –ö–æ–≥–¥–∞ —è –æ—Ç–ø—Ä–∞–≤–ª—è—é –∫–æ–º–∞–Ω–¥—É "/start"                       # tests/e2e/features/steps/bot_steps.py:84
2026-01-04 07:11:00,397 [INFO] tests.e2e.human_client: Sent message: /start
2026-01-04 07:11:00,784 [INFO] tests.e2e.human_client: Got response from User(id=8365878972, is_self=False, contact=False, mutual_contact=False, deleted=False, bot=True, bot_chat_history=False, bot_nochats=False, verified=False, restricted=False, min=False, bot_inline_geo=False, support=False, scam=False, apply_min_photo=True, fake=False, bot_attach_menu=False, premium=False, attach_menu_enabled=False, bot_can_edit=False, close_friend=False, stories_hidden=False, stories_unavailable=True, contact_require_premium=False, bot_business=False, bot_has_main_app=False, bot_forum_view=False, access_hash=2218334829196132400, first_name='eventsbot-test-env', last_name=None, username='eventsbotTestBot', phone=None, photo=None, status=None, bot_info_version=1, restriction_reason=[], bot_inline_placeholder=None, lang_code=None, emoji_status=None, usernames=[], stories_max_id=None, color=None, profile_color=None, bot_active_users=None, bot_verification_icon=None, send_paid_messages_stars=None): You are partner...
2026-01-04 07:11:00,785 [INFO] e2e.steps: ‚Üí –û—Ç–ø—Ä–∞–≤–ª–µ–Ω–æ: /start
2026-01-04 07:11:00,785 [INFO] e2e.steps: ‚Üê –û—Ç–≤–µ—Ç: You are partner...
    –ò —è –∂–¥—É —Å–æ–æ–±—â–µ–Ω–∏—è —Å —Ç–µ–∫—Å—Ç–æ–º "Choose action"              # tests/e2e/features/steps/bot_steps.py:268
2026-01-04 07:11:00,946 [INFO] e2e.steps: ‚úì –ù–∞–π–¥–µ–Ω–æ –æ–∂–∏–¥–∞–µ–º–æ–µ —Å–æ–æ–±—â–µ–Ω–∏–µ: 'Choose action'
    –¢–æ–≥–¥–∞ –ø–æ–¥ —Å–æ–æ–±—â–µ–Ω–∏–µ–º –¥–æ–ª–∂–Ω–∞ –±—ã—Ç—å –∫–Ω–æ–ø–∫–∞ "üèõ –î–æ–º –∏—Å–∫—É—Å—Å—Ç–≤" # tests/e2e/features/steps/bot_steps.py:234
2026-01-04 07:11:00,947 [INFO] e2e.steps: ‚úì –ù–∞–π–¥–µ–Ω–∞ –∫–Ω–æ–ø–∫–∞: 'üèõ –î–æ–º –∏—Å–∫—É—Å—Å—Ç–≤'
2026-01-04 07:11:00,947 [INFO] e2e.behave: ‚úÖ –°—Ü–µ–Ω–∞—Ä–∏–π PASSED: –ü—Ä–æ–≤–µ—Ä–∫–∞ —Å—Ç–∞—Ä—Ç–æ–≤–æ–≥–æ –º–µ–Ω—é
2026-01-04 07:11:00,948 [INFO] e2e.behave: 
üìå –°—Ü–µ–Ω–∞—Ä–∏–π: –ü—Ä–æ–≤–µ—Ä–∫–∞ –º–µ–Ω—é VK

  –°—Ü–µ–Ω–∞—Ä–∏–π: –ü—Ä–æ–≤–µ—Ä–∫–∞ –º–µ–Ω—é VK                                                                       # tests/e2e/features/dom_iskusstv.feature:13
    –î–∞–Ω–æ —è –∞–≤—Ç–æ—Ä–∏–∑–æ–≤–∞–Ω –≤ –∫–ª–∏–µ–Ω—Ç–µ Telethon                                                          # tests/e2e/features/steps/bot_steps.py:49
2026-01-04 07:11:00,948 [INFO] e2e.steps: ‚úì –ö–ª–∏–µ–Ω—Ç –∞–≤—Ç–æ—Ä–∏–∑–æ–≤–∞–Ω
    –ò —è –æ—Ç–∫—Ä—ã–ª —á–∞—Ç —Å –±–æ—Ç–æ–º                                                                         # tests/e2e/features/steps/bot_steps.py:57
2026-01-04 07:11:01,111 [INFO] e2e.steps: ‚úì –û—Ç–∫—Ä—ã—Ç —á–∞—Ç —Å @eventsbotTestBot
    –ò —è –¥–æ–±–∞–≤–ª—è—é –≤ –æ—á–µ—Ä–µ–¥—å VK –ø–æ—Å—Ç —Å —Ç–µ–∫—Å—Ç–æ–º "–°–ø–µ–∫—Ç–∞–∫–ª—å https://–¥–æ–º–∏—Å–∫—É—Å—Å—Ç–≤.—Ä—Ñ/skazka"             # tests/e2e/features/steps/bot_steps.py:371
Seeded.
Exception in thread Thread-1 (_connection_worker_thread):
Traceback (most recent call last):
  File "/home/codespace/.local/lib/python3.12/site-packages/aiosqlite/core.py", line 66, in _connection_worker_thread
    future.get_loop().call_soon_threadsafe(set_result, future, result)
  File "/usr/local/python/3.12.1/lib/python3.12/asyncio/base_events.py", line 837, in call_soon_threadsafe
    self._check_closed()
  File "/usr/local/python/3.12.1/lib/python3.12/asyncio/base_events.py", line 539, in _check_closed
    raise RuntimeError('Event loop is closed')
RuntimeError: Event loop is closed

During handling of the above exception, another exception occurred:

Traceback (most recent call last):
  File "/usr/local/python/3.12.1/lib/python3.12/threading.py", line 1073, in _bootstrap_inner
    self.run()
  File "/usr/local/python/3.12.1/lib/python3.12/threading.py", line 1010, in run
    self._target(*self._args, **self._kwargs)
  File "/home/codespace/.local/lib/python3.12/site-packages/aiosqlite/core.py", line 75, in _connection_worker_thread
    future.get_loop().call_soon_threadsafe(set_exception, future, e)
  File "/usr/local/python/3.12.1/lib/python3.12/asyncio/base_events.py", line 837, in call_soon_threadsafe
    self._check_closed()
  File "/usr/local/python/3.12.1/lib/python3.12/asyncio/base_events.py", line 539, in _check_closed
    raise RuntimeError('Event loop is closed')
RuntimeError: Event loop is closed
    –ö–æ–≥–¥–∞ —è –æ—Ç–ø—Ä–∞–≤–ª—è—é –∫–æ–º–∞–Ω–¥—É "/vk"                                                                # tests/e2e/features/steps/bot_steps.py:84
2026-01-04 07:11:07,112 [INFO] tests.e2e.human_client: Sent message: /vk
2026-01-04 07:11:07,297 [INFO] tests.e2e.human_client: Got response from User(id=8365878972, is_self=False, contact=False, mutual_contact=False, deleted=False, bot=True, bot_chat_history=False, bot_nochats=False, verified=False, restricted=False, min=False, bot_inline_geo=False, support=False, scam=False, apply_min_photo=True, fake=False, bot_attach_menu=False, premium=False, attach_menu_enabled=False, bot_can_edit=False, close_friend=False, stories_hidden=False, stories_unavailable=True, contact_require_premium=False, bot_business=False, bot_has_main_app=False, bot_forum_view=False, access_hash=2218334829196132400, first_name='eventsbot-test-env', last_name=None, username='eventsbotTestBot', phone=None, photo=None, status=None, bot_info_version=1, restriction_reason=[], bot_inline_placeholder=None, lang_code=None, emoji_status=None, usernames=[], stories_max_id=None, color=None, profile_color=None, bot_active_users=None, bot_verification_icon=None, send_paid_messages_stars=None): VK –º–æ–Ω–∏—Ç–æ—Ä–∏–Ω–≥...
2026-01-04 07:11:07,298 [INFO] e2e.steps: ‚Üí –û—Ç–ø—Ä–∞–≤–ª–µ–Ω–æ: /vk
2026-01-04 07:11:07,298 [INFO] e2e.steps: ‚Üê –û—Ç–≤–µ—Ç: VK –º–æ–Ω–∏—Ç–æ—Ä–∏–Ω–≥...
    –¢–æ–≥–¥–∞ –ø–æ–¥ —Å–æ–æ–±—â–µ–Ω–∏–µ–º –¥–æ–ª–∂–Ω–∞ –±—ã—Ç—å –∫–Ω–æ–ø–∫–∞ "–ü—Ä–æ–≤–µ—Ä–∏—Ç—å —Å–æ–±—ã—Ç–∏—è"                                    # tests/e2e/features/steps/bot_steps.py:234
2026-01-04 07:11:07,298 [INFO] e2e.steps: ‚úì –ù–∞–π–¥–µ–Ω–∞ –∫–Ω–æ–ø–∫–∞: '–ü—Ä–æ–≤–µ—Ä–∏—Ç—å —Å–æ–±—ã—Ç–∏—è'
    –ö–æ–≥–¥–∞ —è –Ω–∞–∂–∏–º–∞—é –∏–Ω–ª–∞–π–Ω-–∫–Ω–æ–ø–∫—É "–ü—Ä–æ–≤–µ—Ä–∏—Ç—å —Å–æ–±—ã—Ç–∏—è"                                              # tests/e2e/features/steps/bot_steps.py:122
2026-01-04 07:11:08,647 [INFO] e2e.steps: ‚Üí –ù–∞–∂–∞—Ç–∞ –∫–Ω–æ–ø–∫–∞: –ü—Ä–æ–≤–µ—Ä–∏—Ç—å —Å–æ–±—ã—Ç–∏—è
2026-01-04 07:11:10,866 [INFO] e2e.steps: ‚Üê –ü–æ–ª—É—á–µ–Ω –æ–±–Ω–æ–≤–ª—ë–Ω–Ω—ã–π –æ—Ç–≤–µ—Ç
    –¢–æ–≥–¥–∞ —è –∂–¥—É —Å–æ–æ–±—â–µ–Ω–∏—è —Å —Ç–µ–∫—Å—Ç–æ–º "–°–ø–µ–∫—Ç–∞–∫–ª—å"                                                    # tests/e2e/features/steps/bot_steps.py:268
      ASSERT FAILED: –°–æ–æ–±—â–µ–Ω–∏–µ —Å —Ç–µ–∫—Å—Ç–æ–º '–°–ø–µ–∫—Ç–∞–∫–ª—å' –Ω–µ –ø–æ–ª—É—á–µ–Ω–æ –∑–∞ 5 —Å–µ–∫—É–Ω–¥. –ü–æ—Å–ª–µ–¥–Ω–∏–µ: ['–û—á–µ—Ä–µ–¥—å –ø—É—Å—Ç–∞', 'üîé –ü—Ä–æ–≤–µ—Ä–∏—Ç—å —Å–æ–±—ã—Ç–∏—è', 'VK –º–æ–Ω–∏—Ç–æ—Ä–∏–Ω–≥', '/vk', 'Choose action']

2026-01-04 07:11:17,869 [ERROR] e2e.behave: ‚ùå –°—Ü–µ–Ω–∞—Ä–∏–π FAILED: –ü—Ä–æ–≤–µ—Ä–∫–∞ –º–µ–Ω—é VK
    –ò –ø–æ–¥ —Å–æ–æ–±—â–µ–Ω–∏–µ–º –¥–æ–ª–∂–Ω—ã –±—ã—Ç—å –∫–Ω–æ–ø–∫–∏: "‚úÖ –î–æ–±–∞–≤–∏—Ç—å, ‚è≠ –ü—Ä–æ–ø—É—Å—Ç–∏—Ç—å, üèõ –ò–∑–≤–ª–µ—á—å –∏–∑ –î–æ–º –∏—Å–∫—É—Å—Å—Ç–≤ (1)" # None

2026-01-04 07:11:17,870 [INFO] telethon.network.mtprotosender: Disconnecting from 149.154.167.51:443/TcpFull...
2026-01-04 07:11:17,870 [INFO] telethon.network.mtprotosender: Disconnection from 149.154.167.51:443/TcpFull complete!
2026-01-04 07:11:17,870 [INFO] tests.e2e.human_client: Disconnected from Telegram
2026-01-04 07:11:17,870 [INFO] e2e.behave: Client disconnected
2026-01-04 07:11:17,870 [INFO] e2e.behave: ============================================================
2026-01-04 07:11:17,871 [INFO] e2e.behave: E2E BDD Test Suite Finished
2026-01-04 07:11:17,871 [INFO] e2e.behave: ============================================================

Failing scenarios:
  tests/e2e/features/dom_iskusstv.feature:13  –ü—Ä–æ–≤–µ—Ä–∫–∞ –º–µ–Ω—é VK

0 features passed, 1 failed, 0 skipped
1 scenario passed, 1 failed, 0 skipped
11 steps passed, 1 failed, 1 skipped
Took 0min 23.857s
