2026-01-04 07:02:36,434 [INFO] e2e.behave: ============================================================
2026-01-04 07:02:36,434 [INFO] e2e.behave: E2E BDD Test Suite Starting
2026-01-04 07:02:36,434 [INFO] e2e.behave: ============================================================
2026-01-04 07:02:36,436 [INFO] telethon.network.mtprotosender: Connecting to 149.154.167.51:443/TcpFull...
2026-01-04 07:02:36,577 [INFO] telethon.network.mtprotosender: Connection to 149.154.167.51:443/TcpFull complete!
2026-01-04 07:02:37,606 [INFO] tests.e2e.human_client: Connected as: M (ID: 5130989066)
2026-01-04 07:02:37,606 [INFO] e2e.behave: Connected! Testing bot: @eventsbotTestBot
USING RUNNER: behave.runner:Runner
–§—É–Ω–∫—Ü–∏—è: –ü—Ä–æ–≤–µ—Ä–∫–∞ –ø–∞—Ä—Å–µ—Ä–∞ "–î–æ–º –∏—Å–∫—É—Å—Å—Ç–≤" # tests/e2e/features/dom_iskusstv.feature:2

  –§—É–Ω–∫—Ü–∏—è: –ü—Ä–æ–≤–µ—Ä–∫–∞ –ø–∞—Ä—Å–µ—Ä–∞ "–î–æ–º –∏—Å–∫—É—Å—Å—Ç–≤"  # tests/e2e/features/dom_iskusstv.feature:2
2026-01-04 07:02:37,607 [INFO] e2e.behave: 
üìå –°—Ü–µ–Ω–∞—Ä–∏–π: –ü—Ä–æ–≤–µ—Ä–∫–∞ —Å—Ç–∞—Ä—Ç–æ–≤–æ–≥–æ –º–µ–Ω—é

  –°—Ü–µ–Ω–∞—Ä–∏–π: –ü—Ä–æ–≤–µ—Ä–∫–∞ —Å—Ç–∞—Ä—Ç–æ–≤–æ–≥–æ –º–µ–Ω—é                         # tests/e2e/features/dom_iskusstv.feature:8
    –î–∞–Ω–æ —è –∞–≤—Ç–æ—Ä–∏–∑–æ–≤–∞–Ω –≤ –∫–ª–∏–µ–Ω—Ç–µ Telethon                    # tests/e2e/features/steps/bot_steps.py:49
2026-01-04 07:02:37,607 [INFO] e2e.steps: ‚úì –ö–ª–∏–µ–Ω—Ç –∞–≤—Ç–æ—Ä–∏–∑–æ–≤–∞–Ω
    –ò —è –æ—Ç–∫—Ä—ã–ª —á–∞—Ç —Å –±–æ—Ç–æ–º                                   # tests/e2e/features/steps/bot_steps.py:57
2026-01-04 07:02:37,759 [INFO] e2e.steps: ‚úì –û—Ç–∫—Ä—ã—Ç —á–∞—Ç —Å @eventsbotTestBot
    –ö–æ–≥–¥–∞ —è –æ—Ç–ø—Ä–∞–≤–ª—è—é –∫–æ–º–∞–Ω–¥—É "/start"                       # tests/e2e/features/steps/bot_steps.py:84
2026-01-04 07:02:43,503 [INFO] tests.e2e.human_client: Sent message: /start
2026-01-04 07:02:43,682 [INFO] tests.e2e.human_client: Got response from User(id=8365878972, is_self=False, contact=False, mutual_contact=False, deleted=False, bot=True, bot_chat_history=False, bot_nochats=False, verified=False, restricted=False, min=False, bot_inline_geo=False, support=False, scam=False, apply_min_photo=True, fake=False, bot_attach_menu=False, premium=False, attach_menu_enabled=False, bot_can_edit=False, close_friend=False, stories_hidden=False, stories_unavailable=True, contact_require_premium=False, bot_business=False, bot_has_main_app=False, bot_forum_view=False, access_hash=2218334829196132400, first_name='eventsbot-test-env', last_name=None, username='eventsbotTestBot', phone=None, photo=None, status=None, bot_info_version=1, restriction_reason=[], bot_inline_placeholder=None, lang_code=None, emoji_status=None, usernames=[], stories_max_id=None, color=None, profile_color=None, bot_active_users=None, bot_verification_icon=None, send_paid_messages_stars=None): You are partner...
2026-01-04 07:02:43,682 [INFO] e2e.steps: ‚Üí –û—Ç–ø—Ä–∞–≤–ª–µ–Ω–æ: /start
2026-01-04 07:02:43,682 [INFO] e2e.steps: ‚Üê –û—Ç–≤–µ—Ç: You are partner...
    –ò —è –∂–¥—É —Å–æ–æ–±—â–µ–Ω–∏—è —Å —Ç–µ–∫—Å—Ç–æ–º "Choose action"              # tests/e2e/features/steps/bot_steps.py:268
2026-01-04 07:02:43,838 [INFO] e2e.steps: ‚úì –ù–∞–π–¥–µ–Ω–æ –æ–∂–∏–¥–∞–µ–º–æ–µ —Å–æ–æ–±—â–µ–Ω–∏–µ: 'Choose action'
    –¢–æ–≥–¥–∞ –ø–æ–¥ —Å–æ–æ–±—â–µ–Ω–∏–µ–º –¥–æ–ª–∂–Ω–∞ –±—ã—Ç—å –∫–Ω–æ–ø–∫–∞ "üèõ –î–æ–º –∏—Å–∫—É—Å—Å—Ç–≤" # tests/e2e/features/steps/bot_steps.py:234
2026-01-04 07:02:43,839 [INFO] e2e.steps: ‚úì –ù–∞–π–¥–µ–Ω–∞ –∫–Ω–æ–ø–∫–∞: 'üèõ –î–æ–º –∏—Å–∫—É—Å—Å—Ç–≤'
2026-01-04 07:02:43,839 [INFO] e2e.behave: ‚úÖ –°—Ü–µ–Ω–∞—Ä–∏–π PASSED: –ü—Ä–æ–≤–µ—Ä–∫–∞ —Å—Ç–∞—Ä—Ç–æ–≤–æ–≥–æ –º–µ–Ω—é
2026-01-04 07:02:43,839 [INFO] e2e.behave: 
üìå –°—Ü–µ–Ω–∞—Ä–∏–π: –ü—Ä–æ–≤–µ—Ä–∫–∞ –º–µ–Ω—é VK

  –°—Ü–µ–Ω–∞—Ä–∏–π: –ü—Ä–æ–≤–µ—Ä–∫–∞ –º–µ–Ω—é VK                                                                       # tests/e2e/features/dom_iskusstv.feature:13
    –î–∞–Ω–æ —è –∞–≤—Ç–æ—Ä–∏–∑–æ–≤–∞–Ω –≤ –∫–ª–∏–µ–Ω—Ç–µ Telethon                                                          # tests/e2e/features/steps/bot_steps.py:49
2026-01-04 07:02:43,840 [INFO] e2e.steps: ‚úì –ö–ª–∏–µ–Ω—Ç –∞–≤—Ç–æ—Ä–∏–∑–æ–≤–∞–Ω
    –ò —è –æ—Ç–∫—Ä—ã–ª —á–∞—Ç —Å –±–æ—Ç–æ–º                                                                         # tests/e2e/features/steps/bot_steps.py:57
2026-01-04 07:02:43,992 [INFO] e2e.steps: ‚úì –û—Ç–∫—Ä—ã—Ç —á–∞—Ç —Å @eventsbotTestBot
    –ò —è –¥–æ–±–∞–≤–ª—è—é –≤ –æ—á–µ—Ä–µ–¥—å VK –ø–æ—Å—Ç —Å —Ç–µ–∫—Å—Ç–æ–º "–°–ø–µ–∫—Ç–∞–∫–ª—å https://–¥–æ–º–∏—Å–∫—É—Å—Å—Ç–≤.—Ä—Ñ/skazka"             # tests/e2e/features/steps/bot_steps.py:371
Error: Database.__init__() missing 1 required positional argument: 'path'
      Traceback (most recent call last):
        File "/usr/local/python/3.12.1/lib/python3.12/site-packages/behave/model.py", line 1991, in run
          match.run(runner.context)
        File "/usr/local/python/3.12.1/lib/python3.12/site-packages/behave/matchers.py", line 105, in run
          self.func(context, *args, **kwargs)
        File "tests/e2e/features/steps/bot_steps.py", line 417, in step_seed_vk_post_text
          subprocess.check_call([sys.executable, "temp_seed.py"])
        File "/usr/local/python/3.12.1/lib/python3.12/subprocess.py", line 413, in check_call
          raise CalledProcessError(retcode, cmd)
      subprocess.CalledProcessError: Command '['/usr/local/python/3.12.1/bin/python3', 'temp_seed.py']' returned non-zero exit status 1.

2026-01-04 07:02:44,462 [ERROR] e2e.behave: ‚ùå –°—Ü–µ–Ω–∞—Ä–∏–π FAILED: –ü—Ä–æ–≤–µ—Ä–∫–∞ –º–µ–Ω—é VK
    –ö–æ–≥–¥–∞ —è –æ—Ç–ø—Ä–∞–≤–ª—è—é –∫–æ–º–∞–Ω–¥—É "/vk"                                                                # None
    –¢–æ–≥–¥–∞ –ø–æ–¥ —Å–æ–æ–±—â–µ–Ω–∏–µ–º –¥–æ–ª–∂–Ω–∞ –±—ã—Ç—å –∫–Ω–æ–ø–∫–∞ "–ü—Ä–æ–≤–µ—Ä–∏—Ç—å —Å–æ–±—ã—Ç–∏—è"                                    # None
    –ö–æ–≥–¥–∞ —è –Ω–∞–∂–∏–º–∞—é –∏–Ω–ª–∞–π–Ω-–∫–Ω–æ–ø–∫—É "–ü—Ä–æ–≤–µ—Ä–∏—Ç—å —Å–æ–±—ã—Ç–∏—è"                                              # None
    –¢–æ–≥–¥–∞ —è –∂–¥—É –º–µ–¥–∏–∞-—Å–æ–æ–±—â–µ–Ω–∏—è                                                                    # None
    –ò —è –∂–¥—É —Å–æ–æ–±—â–µ–Ω–∏—è —Å —Ç–µ–∫—Å—Ç–æ–º "–°–ø–µ–∫—Ç–∞–∫–ª—å"                                                        # None
    –ò –ø–æ–¥ —Å–æ–æ–±—â–µ–Ω–∏–µ–º –¥–æ–ª–∂–Ω—ã –±—ã—Ç—å –∫–Ω–æ–ø–∫–∏: "‚úÖ –î–æ–±–∞–≤–∏—Ç—å, ‚è≠ –ü—Ä–æ–ø—É—Å—Ç–∏—Ç—å, üèõ –ò–∑–≤–ª–µ—á—å –∏–∑ –î–æ–º –∏—Å–∫—É—Å—Å—Ç–≤ (1)" # None
2026-01-04 07:02:44,462 [INFO] e2e.behave: 
üìå –°—Ü–µ–Ω–∞—Ä–∏–π: –ü–∞—Ä—Å–∏–Ω–≥ —Å–æ–±—ã—Ç–∏–π –ø–æ —Å—Å—ã–ª–∫–µ —Å –î–æ–º–∞ –∏—Å–∫—É—Å—Å—Ç–≤

  –°—Ü–µ–Ω–∞—Ä–∏–π: –ü–∞—Ä—Å–∏–Ω–≥ —Å–æ–±—ã—Ç–∏–π –ø–æ —Å—Å—ã–ª–∫–µ —Å –î–æ–º–∞ –∏—Å–∫—É—Å—Å—Ç–≤                       # tests/e2e/features/dom_iskusstv.feature:22
    –î–∞–Ω–æ —è –∞–≤—Ç–æ—Ä–∏–∑–æ–≤–∞–Ω –≤ –∫–ª–∏–µ–Ω—Ç–µ Telethon                                   # tests/e2e/features/steps/bot_steps.py:49
2026-01-04 07:02:44,463 [INFO] e2e.steps: ‚úì –ö–ª–∏–µ–Ω—Ç –∞–≤—Ç–æ—Ä–∏–∑–æ–≤–∞–Ω
    –ò —è –æ—Ç–∫—Ä—ã–ª —á–∞—Ç —Å –±–æ—Ç–æ–º                                                  # tests/e2e/features/steps/bot_steps.py:57
2026-01-04 07:02:44,612 [INFO] e2e.steps: ‚úì –û—Ç–∫—Ä—ã—Ç —á–∞—Ç —Å @eventsbotTestBot
    –ö–æ–≥–¥–∞ —è –æ—Ç–ø—Ä–∞–≤–ª—è—é –∫–æ–º–∞–Ω–¥—É "/start"                                      # tests/e2e/features/steps/bot_steps.py:84
2026-01-04 07:02:46,476 [INFO] telethon.client.updates: Got difference for account updates
2026-01-04 07:02:50,104 [INFO] tests.e2e.human_client: Sent message: /start
2026-01-04 07:02:50,428 [INFO] tests.e2e.human_client: Got response from User(id=8365878972, is_self=False, contact=False, mutual_contact=False, deleted=False, bot=True, bot_chat_history=False, bot_nochats=False, verified=False, restricted=False, min=False, bot_inline_geo=False, support=False, scam=False, apply_min_photo=True, fake=False, bot_attach_menu=False, premium=False, attach_menu_enabled=False, bot_can_edit=False, close_friend=False, stories_hidden=False, stories_unavailable=True, contact_require_premium=False, bot_business=False, bot_has_main_app=False, bot_forum_view=False, access_hash=2218334829196132400, first_name='eventsbot-test-env', last_name=None, username='eventsbotTestBot', phone=None, photo=None, status=None, bot_info_version=1, restriction_reason=[], bot_inline_placeholder=None, lang_code=None, emoji_status=None, usernames=[], stories_max_id=None, color=None, profile_color=None, bot_active_users=None, bot_verification_icon=None, send_paid_messages_stars=None): You are partner...
2026-01-04 07:02:50,428 [INFO] e2e.steps: ‚Üí –û—Ç–ø—Ä–∞–≤–ª–µ–Ω–æ: /start
2026-01-04 07:02:50,428 [INFO] e2e.steps: ‚Üê –û—Ç–≤–µ—Ç: You are partner...
    –ò —è –∂–¥—É —Å–æ–æ–±—â–µ–Ω–∏—è —Å —Ç–µ–∫—Å—Ç–æ–º "Choose action"                             # tests/e2e/features/steps/bot_steps.py:268
2026-01-04 07:02:50,586 [INFO] e2e.steps: ‚úì –ù–∞–π–¥–µ–Ω–æ –æ–∂–∏–¥–∞–µ–º–æ–µ —Å–æ–æ–±—â–µ–Ω–∏–µ: 'Choose action'
    –ò —è –ª–æ–≥–∏—Ä—É—é –≤ –∫–æ–Ω—Å–æ–ª—å —Å–ø–∏—Å–æ–∫ –≤—Å–µ—Ö –∫–Ω–æ–ø–æ–∫, –∫–æ—Ç–æ—Ä—ã–µ –≤–∏–∂—É                  # tests/e2e/features/steps/bot_steps.py:198
2026-01-04 07:02:50,587 [INFO] e2e.steps: [REPORT] –í—Å–µ–≥–æ –∫–Ω–æ–ø–æ–∫: 5

==================================================
[REPORT] –¢–µ–∫—Å—Ç —Å–æ–æ–±—â–µ–Ω–∏—è: Choose action
[REPORT] –í–∏–¥–∏–º—ã–µ –∫–Ω–æ–ø–∫–∏:
  1. ‚ûï –î–æ–±–∞–≤–∏—Ç—å —Å–æ–±—ã—Ç–∏–µ
  2. ‚ûï –î–æ–±–∞–≤–∏—Ç—å —Ñ–µ—Å—Ç–∏–≤–∞–ª—å
  3. üìÖ –°–æ–±—ã—Ç–∏—è
  4. üîÆ Pyramida
  5. üèõ –î–æ–º –∏—Å–∫—É—Å—Å—Ç–≤
==================================================

    –¢–æ–≥–¥–∞ –ø–æ–¥ —Å–æ–æ–±—â–µ–Ω–∏–µ–º –¥–æ–ª–∂–Ω–∞ –±—ã—Ç—å –∫–Ω–æ–ø–∫–∞ "üèõ –î–æ–º –∏—Å–∫—É—Å—Å—Ç–≤"                # tests/e2e/features/steps/bot_steps.py:234
2026-01-04 07:02:50,587 [INFO] e2e.steps: ‚úì –ù–∞–π–¥–µ–Ω–∞ –∫–Ω–æ–ø–∫–∞: 'üèõ –î–æ–º –∏—Å–∫—É—Å—Å—Ç–≤'
    –ö–æ–≥–¥–∞ —è –æ—Ç–ø—Ä–∞–≤–ª—è—é —Å–æ–æ–±—â–µ–Ω–∏–µ "üèõ –î–æ–º –∏—Å–∫—É—Å—Å—Ç–≤"                            # tests/e2e/features/steps/bot_steps.py:103
2026-01-04 07:02:58,629 [INFO] tests.e2e.human_client: Sent message: üèõ –î–æ–º –∏—Å–∫—É—Å—Å—Ç–≤
2026-01-04 07:02:58,826 [INFO] tests.e2e.human_client: Got response from User(id=8365878972, is_self=False, contact=False, mutual_contact=False, deleted=False, bot=True, bot_chat_history=False, bot_nochats=False, verified=False, restricted=False, min=False, bot_inline_geo=False, support=False, scam=False, apply_min_photo=True, fake=False, bot_attach_menu=False, premium=False, attach_menu_enabled=False, bot_can_edit=False, close_friend=False, stories_hidden=False, stories_unavailable=True, contact_require_premium=False, bot_business=False, bot_has_main_app=False, bot_forum_view=False, access_hash=2218334829196132400, first_name='eventsbot-test-env', last_name=None, username='eventsbotTestBot', phone=None, photo=None, status=None, bot_info_version=1, restriction_reason=[], bot_inline_placeholder=None, lang_code=None, emoji_status=None, usernames=[], stories_max_id=None, color=None, profile_color=None, bot_active_users=None, bot_verification_icon=None, send_paid_messages_stars=None): üèõ –û—Ç–ø—Ä–∞–≤—å—Ç–µ —Å—Å—ã–ª–∫—É –Ω–∞ —Å–ø–µ—Ü–ø—Ä–æ–µ–∫—Ç –î–æ–º –∏—Å–∫—É—Å—Å—Ç–≤
(–Ω–∞–ø—Ä–∏–º–µ—Ä: https://–¥–æ–º–∏—Å–∫—É—Å—Å—Ç–≤.—Ä—Ñ/skazka –∏–ª–∏ https://x...
2026-01-04 07:02:58,827 [INFO] e2e.steps: ‚Üí –û—Ç–ø—Ä–∞–≤–ª–µ–Ω–æ —Å–æ–æ–±—â–µ–Ω–∏–µ: üèõ –î–æ–º –∏—Å–∫—É—Å—Å—Ç–≤
2026-01-04 07:02:58,827 [INFO] e2e.steps: ‚Üê –û—Ç–≤–µ—Ç: üèõ –û—Ç–ø—Ä–∞–≤—å—Ç–µ —Å—Å—ã–ª–∫—É –Ω–∞ —Å–ø–µ—Ü–ø—Ä–æ–µ–∫—Ç –î–æ–º –∏—Å–∫—É—Å—Å—Ç–≤ (–Ω–∞–ø—Ä–∏–º–µ—Ä: https://–¥–æ–º–∏—Å–∫—É—Å—Å—Ç–≤.—Ä—Ñ/skazka –∏–ª–∏ https://x...
    –¢–æ–≥–¥–∞ —è –¥–æ–ª–∂–µ–Ω —É–≤–∏–¥–µ—Ç—å —Å–æ–æ–±—â–µ–Ω–∏–µ, —Å–æ–¥–µ—Ä–∂–∞—â–µ–µ —Ç–µ–∫—Å—Ç "–û—Ç–ø—Ä–∞–≤—å—Ç–µ —Å—Å—ã–ª–∫—É"   # tests/e2e/features/steps/bot_steps.py:161
2026-01-04 07:02:58,827 [INFO] e2e.steps: ‚úì –ù–∞–π–¥–µ–Ω —Ç–µ–∫—Å—Ç: '–û—Ç–ø—Ä–∞–≤—å—Ç–µ —Å—Å—ã–ª–∫—É'
    –ö–æ–≥–¥–∞ —è –æ—Ç–ø—Ä–∞–≤–ª—è—é —Å–æ–æ–±—â–µ–Ω–∏–µ "https://xn--b1admiilxbaki.xn--p1ai/skazka" # tests/e2e/features/steps/bot_steps.py:103
2026-01-04 07:03:17,330 [INFO] tests.e2e.human_client: Sent message: https://xn--b1admiilxbaki.xn--p1ai/skazka
      Traceback (most recent call last):
        File "/usr/local/python/3.12.1/lib/python3.12/asyncio/tasks.py", line 520, in wait_for
          return await fut
                 ^^^^^^^^^
      asyncio.exceptions.CancelledError
      
      The above exception was the direct cause of the following exception:
      
      Traceback (most recent call last):
        File "/usr/local/python/3.12.1/lib/python3.12/site-packages/behave/model.py", line 1991, in run
          match.run(runner.context)
        File "/usr/local/python/3.12.1/lib/python3.12/site-packages/behave/matchers.py", line 105, in run
          self.func(context, *args, **kwargs)
        File "tests/e2e/features/steps/bot_steps.py", line 119, in step_send_message
          run_async(context, _send())
        File "tests/e2e/features/steps/bot_steps.py", line 20, in run_async
          return context.loop.run_until_complete(awaitable)
                 ^^^^^^^^^^^^^^^^^^^^^^^^^^^^^^^^^^^^^^^^^^
        File "/usr/local/python/3.12.1/lib/python3.12/asyncio/base_events.py", line 684, in run_until_complete
          return future.result()
                 ^^^^^^^^^^^^^^^
        File "tests/e2e/features/steps/bot_steps.py", line 107, in _send
          response = await context.client.human_send_and_wait(
                     ^^^^^^^^^^^^^^^^^^^^^^^^^^^^^^^^^^^^^^^^^
        File "/workspaces/events-bot-new/tests/e2e/human_client.py", line 257, in human_send_and_wait
          response = await conv.get_response()
                     ^^^^^^^^^^^^^^^^^^^^^^^^^
        File "/usr/local/python/3.12.1/lib/python3.12/asyncio/tasks.py", line 519, in wait_for
          async with timeouts.timeout(timeout):
        File "/usr/local/python/3.12.1/lib/python3.12/asyncio/timeouts.py", line 115, in __aexit__
          raise TimeoutError from exc_val
      TimeoutError

2026-01-04 07:05:17,369 [ERROR] e2e.behave: ‚ùå –°—Ü–µ–Ω–∞—Ä–∏–π FAILED: –ü–∞—Ä—Å–∏–Ω–≥ —Å–æ–±—ã—Ç–∏–π –ø–æ —Å—Å—ã–ª–∫–µ —Å –î–æ–º–∞ –∏—Å–∫—É—Å—Å—Ç–≤
    –¢–æ–≥–¥–∞ —è –∂–¥—É –¥–æ–ª–≥–æ–π –æ–ø–µ—Ä–∞—Ü–∏–∏ —Å —Ç–µ–∫—Å—Ç–æ–º "–î–æ–±–∞–≤–ª–µ–Ω–æ —Å–æ–±—ã—Ç–∏–π"               # None
    –ò —è –¥–æ–ª–∂–µ–Ω –Ω–∞–π—Ç–∏ –≤ –æ—Ç–≤–µ—Ç–µ –¥–µ–π—Å—Ç–≤—É—é—â—É—é —Å—Å—ã–ª–∫—É –Ω–∞ —Ç–µ–ª–µ–≥—Ä–∞—Ñ                # None

2026-01-04 07:05:17,370 [INFO] telethon.network.mtprotosender: Disconnecting from 149.154.167.51:443/TcpFull...
2026-01-04 07:05:17,370 [INFO] telethon.network.mtprotosender: Disconnection from 149.154.167.51:443/TcpFull complete!
2026-01-04 07:05:17,370 [INFO] tests.e2e.human_client: Disconnected from Telegram
2026-01-04 07:05:17,371 [INFO] e2e.behave: Client disconnected
2026-01-04 07:05:17,371 [INFO] e2e.behave: ============================================================
2026-01-04 07:05:17,371 [INFO] e2e.behave: E2E BDD Test Suite Finished
2026-01-04 07:05:17,371 [INFO] e2e.behave: ============================================================

Errored scenarios:
  tests/e2e/features/dom_iskusstv.feature:13  –ü—Ä–æ–≤–µ—Ä–∫–∞ –º–µ–Ω—é VK
  tests/e2e/features/dom_iskusstv.feature:22  –ü–∞—Ä—Å–∏–Ω–≥ —Å–æ–±—ã—Ç–∏–π –ø–æ —Å—Å—ã–ª–∫–µ —Å –î–æ–º–∞ –∏—Å–∫—É—Å—Å—Ç–≤

0 features passed, 0 failed, 1 error, 0 skipped
1 scenario passed, 0 failed, 2 error, 0 skipped
15 steps passed, 0 failed, 2 error, 8 skipped
Took 2min 39.756s
