2026-01-04 07:03:36,067 [INFO] e2e.behave: ============================================================
2026-01-04 07:03:36,068 [INFO] e2e.behave: E2E BDD Test Suite Starting
2026-01-04 07:03:36,068 [INFO] e2e.behave: ============================================================
2026-01-04 07:03:36,069 [INFO] telethon.network.mtprotosender: Connecting to 149.154.167.51:443/TcpFull...
2026-01-04 07:03:36,219 [INFO] telethon.network.mtprotosender: Connection to 149.154.167.51:443/TcpFull complete!
2026-01-04 07:03:37,187 [INFO] tests.e2e.human_client: Connected as: M (ID: 5130989066)
2026-01-04 07:03:37,187 [INFO] e2e.behave: Connected! Testing bot: @eventsbotTestBot
USING RUNNER: behave.runner:Runner
–§—É–Ω–∫—Ü–∏—è: –ü—Ä–æ–≤–µ—Ä–∫–∞ –ø–∞—Ä—Å–µ—Ä–∞ "–î–æ–º –∏—Å–∫—É—Å—Å—Ç–≤" # tests/e2e/features/dom_iskusstv.feature:2

  –§—É–Ω–∫—Ü–∏—è: –ü—Ä–æ–≤–µ—Ä–∫–∞ –ø–∞—Ä—Å–µ—Ä–∞ "–î–æ–º –∏—Å–∫—É—Å—Å—Ç–≤"  # tests/e2e/features/dom_iskusstv.feature:2
2026-01-04 07:03:37,192 [INFO] e2e.behave: 
üìå –°—Ü–µ–Ω–∞—Ä–∏–π: –ü—Ä–æ–≤–µ—Ä–∫–∞ —Å—Ç–∞—Ä—Ç–æ–≤–æ–≥–æ –º–µ–Ω—é

  –°—Ü–µ–Ω–∞—Ä–∏–π: –ü—Ä–æ–≤–µ—Ä–∫–∞ —Å—Ç–∞—Ä—Ç–æ–≤–æ–≥–æ –º–µ–Ω—é                         # tests/e2e/features/dom_iskusstv.feature:8
    –î–∞–Ω–æ —è –∞–≤—Ç–æ—Ä–∏–∑–æ–≤–∞–Ω –≤ –∫–ª–∏–µ–Ω—Ç–µ Telethon                    # tests/e2e/features/steps/bot_steps.py:49
2026-01-04 07:03:37,193 [INFO] e2e.steps: ‚úì –ö–ª–∏–µ–Ω—Ç –∞–≤—Ç–æ—Ä–∏–∑–æ–≤–∞–Ω
    –ò —è –æ—Ç–∫—Ä—ã–ª —á–∞—Ç —Å –±–æ—Ç–æ–º                                   # tests/e2e/features/steps/bot_steps.py:57
2026-01-04 07:03:37,465 [INFO] e2e.steps: ‚úì –û—Ç–∫—Ä—ã—Ç —á–∞—Ç —Å @eventsbotTestBot
    –ö–æ–≥–¥–∞ —è –æ—Ç–ø—Ä–∞–≤–ª—è—é –∫–æ–º–∞–Ω–¥—É "/start"                       # tests/e2e/features/steps/bot_steps.py:84
2026-01-04 07:03:43,591 [INFO] tests.e2e.human_client: Sent message: /start
2026-01-04 07:03:43,769 [INFO] tests.e2e.human_client: Got response from User(id=8365878972, is_self=False, contact=False, mutual_contact=False, deleted=False, bot=True, bot_chat_history=False, bot_nochats=False, verified=False, restricted=False, min=False, bot_inline_geo=False, support=False, scam=False, apply_min_photo=True, fake=False, bot_attach_menu=False, premium=False, attach_menu_enabled=False, bot_can_edit=False, close_friend=False, stories_hidden=False, stories_unavailable=True, contact_require_premium=False, bot_business=False, bot_has_main_app=False, bot_forum_view=False, access_hash=2218334829196132400, first_name='eventsbot-test-env', last_name=None, username='eventsbotTestBot', phone=None, photo=None, status=None, bot_info_version=1, restriction_reason=[], bot_inline_placeholder=None, lang_code=None, emoji_status=None, usernames=[], stories_max_id=None, color=None, profile_color=None, bot_active_users=None, bot_verification_icon=None, send_paid_messages_stars=None): You are partner...
2026-01-04 07:03:43,769 [INFO] e2e.steps: ‚Üí –û—Ç–ø—Ä–∞–≤–ª–µ–Ω–æ: /start
2026-01-04 07:03:43,769 [INFO] e2e.steps: ‚Üê –û—Ç–≤–µ—Ç: You are partner...
    –ò —è –∂–¥—É —Å–æ–æ–±—â–µ–Ω–∏—è —Å —Ç–µ–∫—Å—Ç–æ–º "Choose action"              # tests/e2e/features/steps/bot_steps.py:268
2026-01-04 07:03:43,953 [INFO] e2e.steps: ‚úì –ù–∞–π–¥–µ–Ω–æ –æ–∂–∏–¥–∞–µ–º–æ–µ —Å–æ–æ–±—â–µ–Ω–∏–µ: 'Choose action'
    –¢–æ–≥–¥–∞ –ø–æ–¥ —Å–æ–æ–±—â–µ–Ω–∏–µ–º –¥–æ–ª–∂–Ω–∞ –±—ã—Ç—å –∫–Ω–æ–ø–∫–∞ "üèõ –î–æ–º –∏—Å–∫—É—Å—Å—Ç–≤" # tests/e2e/features/steps/bot_steps.py:234
2026-01-04 07:03:43,954 [INFO] e2e.steps: ‚úì –ù–∞–π–¥–µ–Ω–∞ –∫–Ω–æ–ø–∫–∞: 'üèõ –î–æ–º –∏—Å–∫—É—Å—Å—Ç–≤'
2026-01-04 07:03:43,954 [INFO] e2e.behave: ‚úÖ –°—Ü–µ–Ω–∞—Ä–∏–π PASSED: –ü—Ä–æ–≤–µ—Ä–∫–∞ —Å—Ç–∞—Ä—Ç–æ–≤–æ–≥–æ –º–µ–Ω—é
2026-01-04 07:03:43,954 [INFO] e2e.behave: 
üìå –°—Ü–µ–Ω–∞—Ä–∏–π: –ü—Ä–æ–≤–µ—Ä–∫–∞ –º–µ–Ω—é VK

  –°—Ü–µ–Ω–∞—Ä–∏–π: –ü—Ä–æ–≤–µ—Ä–∫–∞ –º–µ–Ω—é VK                                                                       # tests/e2e/features/dom_iskusstv.feature:13
    –î–∞–Ω–æ —è –∞–≤—Ç–æ—Ä–∏–∑–æ–≤–∞–Ω –≤ –∫–ª–∏–µ–Ω—Ç–µ Telethon                                                          # tests/e2e/features/steps/bot_steps.py:49
2026-01-04 07:03:43,955 [INFO] e2e.steps: ‚úì –ö–ª–∏–µ–Ω—Ç –∞–≤—Ç–æ—Ä–∏–∑–æ–≤–∞–Ω
    –ò —è –æ—Ç–∫—Ä—ã–ª —á–∞—Ç —Å –±–æ—Ç–æ–º                                                                         # tests/e2e/features/steps/bot_steps.py:57
2026-01-04 07:03:44,144 [INFO] e2e.steps: ‚úì –û—Ç–∫—Ä—ã—Ç —á–∞—Ç —Å @eventsbotTestBot
    –ò —è –¥–æ–±–∞–≤–ª—è—é –≤ –æ—á–µ—Ä–µ–¥—å VK –ø–æ—Å—Ç —Å —Ç–µ–∫—Å—Ç–æ–º "–°–ø–µ–∫—Ç–∞–∫–ª—å https://–¥–æ–º–∏—Å–∫—É—Å—Å—Ç–≤.—Ä—Ñ/skazka"             # tests/e2e/features/steps/bot_steps.py:371
Seeded.
Exception in thread Thread-1 (_connection_worker_thread):
Traceback (most recent call last):
  File "/home/codespace/.local/lib/python3.12/site-packages/aiosqlite/core.py", line 66, in _connection_worker_thread
    future.get_loop().call_soon_threadsafe(set_result, future, result)
  File "/usr/local/python/3.12.1/lib/python3.12/asyncio/base_events.py", line 837, in call_soon_threadsafe
    self._check_closed()
  File "/usr/local/python/3.12.1/lib/python3.12/asyncio/base_events.py", line 539, in _check_closed
    raise RuntimeError('Event loop is closed')
RuntimeError: Event loop is closed

During handling of the above exception, another exception occurred:

Traceback (most recent call last):
  File "/usr/local/python/3.12.1/lib/python3.12/threading.py", line 1073, in _bootstrap_inner
    self.run()
  File "/usr/local/python/3.12.1/lib/python3.12/threading.py", line 1010, in run
    self._target(*self._args, **self._kwargs)
  File "/home/codespace/.local/lib/python3.12/site-packages/aiosqlite/core.py", line 75, in _connection_worker_thread
    future.get_loop().call_soon_threadsafe(set_exception, future, e)
  File "/usr/local/python/3.12.1/lib/python3.12/asyncio/base_events.py", line 837, in call_soon_threadsafe
    self._check_closed()
  File "/usr/local/python/3.12.1/lib/python3.12/asyncio/base_events.py", line 539, in _check_closed
    raise RuntimeError('Event loop is closed')
RuntimeError: Event loop is closed
    –ö–æ–≥–¥–∞ —è –æ—Ç–ø—Ä–∞–≤–ª—è—é –∫–æ–º–∞–Ω–¥—É "/vk"                                                                # tests/e2e/features/steps/bot_steps.py:84
2026-01-04 07:03:50,352 [INFO] tests.e2e.human_client: Sent message: /vk
2026-01-04 07:03:50,604 [INFO] tests.e2e.human_client: Got response from User(id=8365878972, is_self=False, contact=False, mutual_contact=False, deleted=False, bot=True, bot_chat_history=False, bot_nochats=False, verified=False, restricted=False, min=False, bot_inline_geo=False, support=False, scam=False, apply_min_photo=True, fake=False, bot_attach_menu=False, premium=False, attach_menu_enabled=False, bot_can_edit=False, close_friend=False, stories_hidden=False, stories_unavailable=True, contact_require_premium=False, bot_business=False, bot_has_main_app=False, bot_forum_view=False, access_hash=2218334829196132400, first_name='eventsbot-test-env', last_name=None, username='eventsbotTestBot', phone=None, photo=None, status=None, bot_info_version=1, restriction_reason=[], bot_inline_placeholder=None, lang_code=None, emoji_status=None, usernames=[], stories_max_id=None, color=None, profile_color=None, bot_active_users=None, bot_verification_icon=None, send_paid_messages_stars=None): VK –º–æ–Ω–∏—Ç–æ—Ä–∏–Ω–≥...
2026-01-04 07:03:50,607 [INFO] e2e.steps: ‚Üí –û—Ç–ø—Ä–∞–≤–ª–µ–Ω–æ: /vk
2026-01-04 07:03:50,607 [INFO] e2e.steps: ‚Üê –û—Ç–≤–µ—Ç: VK –º–æ–Ω–∏—Ç–æ—Ä–∏–Ω–≥...
    –¢–æ–≥–¥–∞ –ø–æ–¥ —Å–æ–æ–±—â–µ–Ω–∏–µ–º –¥–æ–ª–∂–Ω–∞ –±—ã—Ç—å –∫–Ω–æ–ø–∫–∞ "–ü—Ä–æ–≤–µ—Ä–∏—Ç—å —Å–æ–±—ã—Ç–∏—è"                                    # tests/e2e/features/steps/bot_steps.py:234
2026-01-04 07:03:50,608 [INFO] e2e.steps: ‚úì –ù–∞–π–¥–µ–Ω–∞ –∫–Ω–æ–ø–∫–∞: '–ü—Ä–æ–≤–µ—Ä–∏—Ç—å —Å–æ–±—ã—Ç–∏—è'
    –ö–æ–≥–¥–∞ —è –Ω–∞–∂–∏–º–∞—é –∏–Ω–ª–∞–π–Ω-–∫–Ω–æ–ø–∫—É "–ü—Ä–æ–≤–µ—Ä–∏—Ç—å —Å–æ–±—ã—Ç–∏—è"                                              # tests/e2e/features/steps/bot_steps.py:122
2026-01-04 07:03:52,419 [INFO] e2e.steps: ‚Üí –ù–∞–∂–∞—Ç–∞ –∫–Ω–æ–ø–∫–∞: –ü—Ä–æ–≤–µ—Ä–∏—Ç—å —Å–æ–±—ã—Ç–∏—è
2026-01-04 07:03:54,590 [INFO] e2e.steps: ‚Üê –ü–æ–ª—É—á–µ–Ω –æ–±–Ω–æ–≤–ª—ë–Ω–Ω—ã–π –æ—Ç–≤–µ—Ç
    –¢–æ–≥–¥–∞ —è –∂–¥—É –º–µ–¥–∏–∞-—Å–æ–æ–±—â–µ–Ω–∏—è                                                                    # tests/e2e/features/steps/bot_steps.py:419
2026-01-04 07:03:54,809 [INFO] e2e.steps: ‚úì –ú–µ–¥–∏–∞-—Å–æ–æ–±—â–µ–Ω–∏–µ –ø–æ–ª—É—á–µ–Ω–æ
    –ò —è –∂–¥—É —Å–æ–æ–±—â–µ–Ω–∏—è —Å —Ç–µ–∫—Å—Ç–æ–º "–°–ø–µ–∫—Ç–∞–∫–ª—å"                                                        # tests/e2e/features/steps/bot_steps.py:268
      ASSERT FAILED: –°–æ–æ–±—â–µ–Ω–∏–µ —Å —Ç–µ–∫—Å—Ç–æ–º '–°–ø–µ–∫—Ç–∞–∫–ª—å' –Ω–µ –ø–æ–ª—É—á–µ–Ω–æ –∑–∞ 5 —Å–µ–∫—É–Ω–¥. –ü–æ—Å–ª–µ–¥–Ω–∏–µ: ['‚≠êÔ∏è –£–∂–µ 127 –ª–µ—Ç –±–∞–ª–µ—Ç ¬´–©–µ–ª–∫—É–Ω—á–∏–∫¬ª –æ—Å—Ç–∞—ë—Ç—Å—è –≥–ª–∞–≤–Ω—ã–º —Å–ø–µ–∫—Ç–∞–∫–ª–µ–º –Ω–æ–≤–æ–≥–æ–¥–Ω–∏—Ö –ø—Ä–∞–∑–¥–Ω–∏–∫–æ–≤ –ø–æ –≤—Å–µ–º—É –º–∏—Ä—É. \n \n–í –∫–∞—Ä—Ç–æ—á–∫–∞—Ö —Ä–∞—Å—Å–∫–∞–∑–∞–ª–∏ –æ —Ç–æ–º, –∫–∞–∫ –≤ –¥—Ä—É–≥–∏—Ö —Å—Ç—Ä–∞–Ω–∞—Ö –º–∏—Ä–∞ –∏–Ω—Ç–µ—Ä–ø—Ä–µ—Ç–∏—Ä—É—é—Ç –∫–ª–∞—Å—Å–∏–∫—É –≤ —Ä–∞–∑–Ω—ã—Ö –¥–µ–∫–æ—Ä–∞—Ü–∏—è—Ö –∏ —Å –Ω–∞—Ü–∏–æ–Ω–∞–ª—å–Ω—ã–º–∏ –æ—Å–æ–±–µ–Ω–Ω–æ—Å—Ç—è–º–∏, –Ω–æ –≤—Å–µ–≥–¥–∞ –ø–æ–¥ –≥–µ–Ω–∏–∞–ª—å–Ω—É—é –º—É–∑—ã–∫—É –ß–∞–π–∫–æ–≤—Å–∫–æ–≥–æ. \n \n*‚É£ –ò —Å–æ–æ–±—â–∞–µ–º, –≥–¥–µ –≤ –ö–∞–ª–∏–Ω–∏–Ω–≥—Ä–∞–¥—Å–∫–æ–π –æ–±–ª–∞—Å—Ç–∏ –º–æ–∂–Ω–æ –Ω–∞—Å–ª–∞–¥–∏—Ç—å—Å—è –±–∞–ª–µ—Ç–æ–º –∏ –º—É–∑—ã–∫–æ–π –Ω–æ–≤–æ–≥–æ–¥–Ω–µ–≥–æ —Ö–∏—Ç–∞: \n \nüü°20 –¥–µ–∫–∞–±—Ä—è ‚Äî –ú–æ—Å–∫–æ–≤—Å–∫–∏–π –æ–±–ª–∞—Å—Ç–Ω–æ–π –≥–æ—Å—É–¥–∞—Ä—Å—Ç–≤–µ–Ω–Ω—ã–π –∞–∫–∞–¥–µ–º–∏—á–µ—Å–∫–∏–π —Ç–µ–∞—Ç—Ä ¬´–†—É—Å—Å–∫–∏–π –±–∞–ª–µ—Ç¬ª –ø—Ä–µ–¥—Å—Ç–∞–≤–∏—Ç –±–∞–ª–µ—Ç –≤ 2-—Ö –¥–µ–π—Å—Ç–≤–∏—è—Ö –Ω–∞ —Å—Ü–µ–Ω–µ M—É–∑—ã–∫–∞–ª—å–Ω–æ–≥–æ –∫–æ–ª–ª–µ–¥–∂–∞ –∏–º. –°.–í. –†–∞—Ö–º–∞–Ω–∏–Ω–æ–≤–∞ (https://kgd.kassir.ru/teatr/schelkunchik); \n \nüü°26 –¥–µ–∫–∞–±—Ä—è ‚Äî –¢–µ–∞—Ç—Ä –±–∞–ª–µ—Ç–∞ –°–µ–Ω-–ú–∏—à–µ–ª—å¬ª –∏–∑ –°–∞–Ω–∫—Ç-–ü–µ—Ç–µ—Ä–±—É—Ä–≥–∞ –Ω–∞ —Å—Ü–µ–Ω–µ –î–° ¬´–Ø–Ω—Ç–∞—Ä–Ω—ã–π¬ª (https://kgd.kassir.ru/teatr/schelkunchik-3); \n \nüü°5 —è–Ω–≤–∞—Ä—è ‚Äî –°–∫–∞–∑–∫–∞ –Ω–∞ —Å—Ü–µ–Ω–µ —Ç–µ–∞—Ç—Ä–∞ —ç—Å—Ç—Ä–∞–¥—ã ¬´–Ø–Ω—Ç–∞—Ä—å-—Ö–æ–ª–ª¬ª (https://kgd.kassir.ru/detyam/schelkunchik-novogodnyaya-skazka-1); \n \nüü°9 —è–Ω–≤–∞—Ä—è ‚Äî –ú–æ—Å–∫–æ–≤—Å–∫–∏–π –¢–µ–∞—Ç—Ä ¬´–ö–æ—Ä–æ–Ω–∞ –†—É—Å—Å–∫–æ–≥–æ –ë–∞–ª–µ—Ç–∞¬ª –ø—Ä–µ–¥—Å—Ç–∞–≤–ª—è–µ—Ç —Å–∞–º—É—é –∫—Ä–∞—Å–∏–≤—É—é —Ä–æ–∂–¥–µ—Å—Ç–≤–µ–Ω—Å–∫—É—é —Å–∫–∞–∑–∫—É ‚Äì –±–∞–ª–µ—Ç ¬´–©–µ–ª–∫—É–Ω—á–∏–∫¬ª –Ω–∞ —Å—Ü–µ–Ω–µ –ö–∞–ª–∏–Ω–∏–Ω–≥—Ä–∞–¥—Å–∫–æ–≥–æ —Ç–µ–∞—Ç—Ä–∞ —ç—Å—Ç—Ä–∞–¥—ã (–î–æ–º –ò—Å–∫—É—Å—Å—Ç–≤) (https://kgd.kassir.ru/teatr/balet-schelkunchik-47).\n–ê–ù–û ¬´–§–µ—Å—Ç–∏–≤–∞–ª—å–Ω–∞—è –¥–∏—Ä–µ–∫—Ü–∏—è¬ª\n\nhttps://vk.com/wall-182104060_6453\n\n05 —è–Ω–≤–∞—Ä—è 00:00\n–°–æ–≤–ø–∞–¥–µ–Ω–∏–π –Ω–µ—Ç\n\n–û–ø—É–±–ª–∏–∫–æ–≤–∞–Ω–æ: 14 –¥–µ–∫–∞–±—Ä—è 2025 20:28\n–∫–ª—é—á–∏: —Å–ø–µ–∫—Ç–∞–∫–ª–µ–º,–ø—Ä–∞–∑–¥–Ω–∏–∫–æ–≤,–º—É–∑—ã–∫—É,–º—É–∑—ã–∫–æ–π | –¥–∞—Ç–∞: –¥–∞ | –≤ –æ—á–µ—Ä–µ–¥–∏: 35', 'üîé –ü—Ä–æ–≤–µ—Ä–∏—Ç—å —Å–æ–±—ã—Ç–∏—è', 'VK –º–æ–Ω–∏—Ç–æ—Ä–∏–Ω–≥', '/vk', 'Choose action']

2026-01-04 07:04:01,832 [ERROR] e2e.behave: ‚ùå –°—Ü–µ–Ω–∞—Ä–∏–π FAILED: –ü—Ä–æ–≤–µ—Ä–∫–∞ –º–µ–Ω—é VK
    –ò –ø–æ–¥ —Å–æ–æ–±—â–µ–Ω–∏–µ–º –¥–æ–ª–∂–Ω—ã –±—ã—Ç—å –∫–Ω–æ–ø–∫–∏: "‚úÖ –î–æ–±–∞–≤–∏—Ç—å, ‚è≠ –ü—Ä–æ–ø—É—Å—Ç–∏—Ç—å, üèõ –ò–∑–≤–ª–µ—á—å –∏–∑ –î–æ–º –∏—Å–∫—É—Å—Å—Ç–≤ (1)" # None
2026-01-04 07:04:01,833 [INFO] e2e.behave: 
üìå –°—Ü–µ–Ω–∞—Ä–∏–π: –ü–∞—Ä—Å–∏–Ω–≥ —Å–æ–±—ã—Ç–∏–π –ø–æ —Å—Å—ã–ª–∫–µ —Å –î–æ–º–∞ –∏—Å–∫—É—Å—Å—Ç–≤

  –°—Ü–µ–Ω–∞—Ä–∏–π: –ü–∞—Ä—Å–∏–Ω–≥ —Å–æ–±—ã—Ç–∏–π –ø–æ —Å—Å—ã–ª–∫–µ —Å –î–æ–º–∞ –∏—Å–∫—É—Å—Å—Ç–≤                       # tests/e2e/features/dom_iskusstv.feature:22
    –î–∞–Ω–æ —è –∞–≤—Ç–æ—Ä–∏–∑–æ–≤–∞–Ω –≤ –∫–ª–∏–µ–Ω—Ç–µ Telethon                                   # tests/e2e/features/steps/bot_steps.py:49
2026-01-04 07:04:01,833 [INFO] e2e.steps: ‚úì –ö–ª–∏–µ–Ω—Ç –∞–≤—Ç–æ—Ä–∏–∑–æ–≤–∞–Ω
    –ò —è –æ—Ç–∫—Ä—ã–ª —á–∞—Ç —Å –±–æ—Ç–æ–º                                                  # tests/e2e/features/steps/bot_steps.py:57
2026-01-04 07:04:02,002 [INFO] e2e.steps: ‚úì –û—Ç–∫—Ä—ã—Ç —á–∞—Ç —Å @eventsbotTestBot
    –ö–æ–≥–¥–∞ —è –æ—Ç–ø—Ä–∞–≤–ª—è—é –∫–æ–º–∞–Ω–¥—É "/start"                                      # tests/e2e/features/steps/bot_steps.py:84
2026-01-04 07:04:10,363 [INFO] tests.e2e.human_client: Sent message: /start
2026-01-04 07:04:10,576 [INFO] tests.e2e.human_client: Got response from User(id=8365878972, is_self=False, contact=False, mutual_contact=False, deleted=False, bot=True, bot_chat_history=False, bot_nochats=False, verified=False, restricted=False, min=False, bot_inline_geo=False, support=False, scam=False, apply_min_photo=True, fake=False, bot_attach_menu=False, premium=False, attach_menu_enabled=False, bot_can_edit=False, close_friend=False, stories_hidden=False, stories_unavailable=True, contact_require_premium=False, bot_business=False, bot_has_main_app=False, bot_forum_view=False, access_hash=2218334829196132400, first_name='eventsbot-test-env', last_name=None, username='eventsbotTestBot', phone=None, photo=None, status=None, bot_info_version=1, restriction_reason=[], bot_inline_placeholder=None, lang_code=None, emoji_status=None, usernames=[], stories_max_id=None, color=None, profile_color=None, bot_active_users=None, bot_verification_icon=None, send_paid_messages_stars=None): You are partner...
2026-01-04 07:04:10,576 [INFO] e2e.steps: ‚Üí –û—Ç–ø—Ä–∞–≤–ª–µ–Ω–æ: /start
2026-01-04 07:04:10,576 [INFO] e2e.steps: ‚Üê –û—Ç–≤–µ—Ç: You are partner...
    –ò —è –∂–¥—É —Å–æ–æ–±—â–µ–Ω–∏—è —Å —Ç–µ–∫—Å—Ç–æ–º "Choose action"                             # tests/e2e/features/steps/bot_steps.py:268
2026-01-04 07:04:11,404 [INFO] e2e.steps: ‚úì –ù–∞–π–¥–µ–Ω–æ –æ–∂–∏–¥–∞–µ–º–æ–µ —Å–æ–æ–±—â–µ–Ω–∏–µ: 'Choose action'
    –ò —è –ª–æ–≥–∏—Ä—É—é –≤ –∫–æ–Ω—Å–æ–ª—å —Å–ø–∏—Å–æ–∫ –≤—Å–µ—Ö –∫–Ω–æ–ø–æ–∫, –∫–æ—Ç–æ—Ä—ã–µ –≤–∏–∂—É                  # tests/e2e/features/steps/bot_steps.py:198
2026-01-04 07:04:11,405 [INFO] e2e.steps: [REPORT] –í—Å–µ–≥–æ –∫–Ω–æ–ø–æ–∫: 5

==================================================
[REPORT] –¢–µ–∫—Å—Ç —Å–æ–æ–±—â–µ–Ω–∏—è: Choose action
[REPORT] –í–∏–¥–∏–º—ã–µ –∫–Ω–æ–ø–∫–∏:
  1. ‚ûï –î–æ–±–∞–≤–∏—Ç—å —Å–æ–±—ã—Ç–∏–µ
  2. ‚ûï –î–æ–±–∞–≤–∏—Ç—å —Ñ–µ—Å—Ç–∏–≤–∞–ª—å
  3. üìÖ –°–æ–±—ã—Ç–∏—è
  4. üîÆ Pyramida
  5. üèõ –î–æ–º –∏—Å–∫—É—Å—Å—Ç–≤
==================================================

    –¢–æ–≥–¥–∞ –ø–æ–¥ —Å–æ–æ–±—â–µ–Ω–∏–µ–º –¥–æ–ª–∂–Ω–∞ –±—ã—Ç—å –∫–Ω–æ–ø–∫–∞ "üèõ –î–æ–º –∏—Å–∫—É—Å—Å—Ç–≤"                # tests/e2e/features/steps/bot_steps.py:234
2026-01-04 07:04:11,405 [INFO] e2e.steps: ‚úì –ù–∞–π–¥–µ–Ω–∞ –∫–Ω–æ–ø–∫–∞: 'üèõ –î–æ–º –∏—Å–∫—É—Å—Å—Ç–≤'
    –ö–æ–≥–¥–∞ —è –æ—Ç–ø—Ä–∞–≤–ª—è—é —Å–æ–æ–±—â–µ–Ω–∏–µ "üèõ –î–æ–º –∏—Å–∫—É—Å—Å—Ç–≤"                            # tests/e2e/features/steps/bot_steps.py:103
2026-01-04 07:04:19,018 [INFO] tests.e2e.human_client: Sent message: üèõ –î–æ–º –∏—Å–∫—É—Å—Å—Ç–≤
2026-01-04 07:04:19,231 [INFO] tests.e2e.human_client: Got response from User(id=8365878972, is_self=False, contact=False, mutual_contact=False, deleted=False, bot=True, bot_chat_history=False, bot_nochats=False, verified=False, restricted=False, min=False, bot_inline_geo=False, support=False, scam=False, apply_min_photo=True, fake=False, bot_attach_menu=False, premium=False, attach_menu_enabled=False, bot_can_edit=False, close_friend=False, stories_hidden=False, stories_unavailable=True, contact_require_premium=False, bot_business=False, bot_has_main_app=False, bot_forum_view=False, access_hash=2218334829196132400, first_name='eventsbot-test-env', last_name=None, username='eventsbotTestBot', phone=None, photo=None, status=None, bot_info_version=1, restriction_reason=[], bot_inline_placeholder=None, lang_code=None, emoji_status=None, usernames=[], stories_max_id=None, color=None, profile_color=None, bot_active_users=None, bot_verification_icon=None, send_paid_messages_stars=None): üèõ –û—Ç–ø—Ä–∞–≤—å—Ç–µ —Å—Å—ã–ª–∫—É –Ω–∞ —Å–ø–µ—Ü–ø—Ä–æ–µ–∫—Ç –î–æ–º –∏—Å–∫—É—Å—Å—Ç–≤
(–Ω–∞–ø—Ä–∏–º–µ—Ä: https://–¥–æ–º–∏—Å–∫—É—Å—Å—Ç–≤.—Ä—Ñ/skazka –∏–ª–∏ https://x...
2026-01-04 07:04:19,232 [INFO] e2e.steps: ‚Üí –û—Ç–ø—Ä–∞–≤–ª–µ–Ω–æ —Å–æ–æ–±—â–µ–Ω–∏–µ: üèõ –î–æ–º –∏—Å–∫—É—Å—Å—Ç–≤
2026-01-04 07:04:19,232 [INFO] e2e.steps: ‚Üê –û—Ç–≤–µ—Ç: üèõ –û—Ç–ø—Ä–∞–≤—å—Ç–µ —Å—Å—ã–ª–∫—É –Ω–∞ —Å–ø–µ—Ü–ø—Ä–æ–µ–∫—Ç –î–æ–º –∏—Å–∫—É—Å—Å—Ç–≤ (–Ω–∞–ø—Ä–∏–º–µ—Ä: https://–¥–æ–º–∏—Å–∫—É—Å—Å—Ç–≤.—Ä—Ñ/skazka –∏–ª–∏ https://x...
    –¢–æ–≥–¥–∞ —è –¥–æ–ª–∂–µ–Ω —É–≤–∏–¥–µ—Ç—å —Å–æ–æ–±—â–µ–Ω–∏–µ, —Å–æ–¥–µ—Ä–∂–∞—â–µ–µ —Ç–µ–∫—Å—Ç "–û—Ç–ø—Ä–∞–≤—å—Ç–µ —Å—Å—ã–ª–∫—É"   # tests/e2e/features/steps/bot_steps.py:161
2026-01-04 07:04:19,232 [INFO] e2e.steps: ‚úì –ù–∞–π–¥–µ–Ω —Ç–µ–∫—Å—Ç: '–û—Ç–ø—Ä–∞–≤—å—Ç–µ —Å—Å—ã–ª–∫—É'
    –ö–æ–≥–¥–∞ —è –æ—Ç–ø—Ä–∞–≤–ª—è—é —Å–æ–æ–±—â–µ–Ω–∏–µ "https://xn--b1admiilxbaki.xn--p1ai/skazka" # tests/e2e/features/steps/bot_steps.py:103
2026-01-04 07:04:37,696 [INFO] tests.e2e.human_client: Sent message: https://xn--b1admiilxbaki.xn--p1ai/skazka
2026-01-04 07:04:37,988 [INFO] tests.e2e.human_client: Got response from User(id=8365878972, is_self=False, contact=False, mutual_contact=False, deleted=False, bot=True, bot_chat_history=False, bot_nochats=False, verified=False, restricted=False, min=False, bot_inline_geo=False, support=False, scam=False, apply_min_photo=True, fake=False, bot_attach_menu=False, premium=False, attach_menu_enabled=False, bot_can_edit=False, close_friend=False, stories_hidden=False, stories_unavailable=True, contact_require_premium=False, bot_business=False, bot_has_main_app=False, bot_forum_view=False, access_hash=2218334829196132400, first_name='eventsbot-test-env', last_name=None, username='eventsbotTestBot', phone=None, photo=None, status=None, bot_info_version=1, restriction_reason=[], bot_inline_placeholder=None, lang_code=None, emoji_status=None, usernames=[], stories_max_id=None, color=None, profile_color=None, bot_active_users=None, bot_verification_icon=None, send_paid_messages_stars=None): üèõ –ù–∞–π–¥–µ–Ω–æ 1 —Å—Å—ã–ª–æ–∫. –ó–∞–ø—É—Å–∫–∞—é Kaggle......
2026-01-04 07:04:37,991 [INFO] e2e.steps: ‚Üí –û—Ç–ø—Ä–∞–≤–ª–µ–Ω–æ —Å–æ–æ–±—â–µ–Ω–∏–µ: https://xn--b1admiilxbaki.xn--p1ai/skazka
2026-01-04 07:04:37,991 [INFO] e2e.steps: ‚Üê –û—Ç–≤–µ—Ç: üèõ –ù–∞–π–¥–µ–Ω–æ 1 —Å—Å—ã–ª–æ–∫. –ó–∞–ø—É—Å–∫–∞—é Kaggle......
    –¢–æ–≥–¥–∞ —è –∂–¥—É –¥–æ–ª–≥–æ–π –æ–ø–µ—Ä–∞—Ü–∏–∏ —Å —Ç–µ–∫—Å—Ç–æ–º "–î–æ–±–∞–≤–ª–µ–Ω–æ —Å–æ–±—ã—Ç–∏–π"               # tests/e2e/features/steps/bot_steps.py:350
2026-01-04 07:04:38,156 [INFO] e2e.steps: Waiting for '–î–æ–±–∞–≤–ª–µ–Ω–æ —Å–æ–±—ã—Ç–∏–π'... (5s)
2026-01-04 07:04:48,499 [INFO] e2e.steps: Waiting for '–î–æ–±–∞–≤–ª–µ–Ω–æ —Å–æ–±—ã—Ç–∏–π'... (15s)
2026-01-04 07:04:58,837 [INFO] e2e.steps: Waiting for '–î–æ–±–∞–≤–ª–µ–Ω–æ —Å–æ–±—ã—Ç–∏–π'... (25s)
2026-01-04 07:05:09,188 [INFO] e2e.steps: Waiting for '–î–æ–±–∞–≤–ª–µ–Ω–æ —Å–æ–±—ã—Ç–∏–π'... (35s)
2026-01-04 07:05:19,584 [INFO] e2e.steps: Waiting for '–î–æ–±–∞–≤–ª–µ–Ω–æ —Å–æ–±—ã—Ç–∏–π'... (45s)
2026-01-04 07:05:20,377 [INFO] telethon.client.updates: Got difference for account updates
2026-01-04 07:05:29,924 [INFO] e2e.steps: Waiting for '–î–æ–±–∞–≤–ª–µ–Ω–æ —Å–æ–±—ã—Ç–∏–π'... (55s)
2026-01-04 07:05:40,272 [INFO] e2e.steps: Waiting for '–î–æ–±–∞–≤–ª–µ–Ω–æ —Å–æ–±—ã—Ç–∏–π'... (65s)
2026-01-04 07:05:41,885 [INFO] telethon.client.updates: Got difference for account updates
2026-01-04 07:05:50,704 [INFO] e2e.steps: Waiting for '–î–æ–±–∞–≤–ª–µ–Ω–æ —Å–æ–±—ã—Ç–∏–π'... (75s)
2026-01-04 07:06:01,043 [INFO] e2e.steps: Waiting for '–î–æ–±–∞–≤–ª–µ–Ω–æ —Å–æ–±—ã—Ç–∏–π'... (85s)
2026-01-04 07:06:11,382 [INFO] e2e.steps: Waiting for '–î–æ–±–∞–≤–ª–µ–Ω–æ —Å–æ–±—ã—Ç–∏–π'... (95s)
2026-01-04 07:06:21,716 [INFO] e2e.steps: Waiting for '–î–æ–±–∞–≤–ª–µ–Ω–æ —Å–æ–±—ã—Ç–∏–π'... (105s)
2026-01-04 07:06:32,052 [INFO] e2e.steps: Waiting for '–î–æ–±–∞–≤–ª–µ–Ω–æ —Å–æ–±—ã—Ç–∏–π'... (115s)
2026-01-04 07:06:42,489 [INFO] e2e.steps: Waiting for '–î–æ–±–∞–≤–ª–µ–Ω–æ —Å–æ–±—ã—Ç–∏–π'... (125s)
2026-01-04 07:06:52,827 [INFO] e2e.steps: Waiting for '–î–æ–±–∞–≤–ª–µ–Ω–æ —Å–æ–±—ã—Ç–∏–π'... (135s)
2026-01-04 07:07:03,157 [INFO] e2e.steps: Waiting for '–î–æ–±–∞–≤–ª–µ–Ω–æ —Å–æ–±—ã—Ç–∏–π'... (145s)
2026-01-04 07:07:03,811 [INFO] telethon.client.updates: Got difference for channel 1343978538 updates
2026-01-04 07:07:13,488 [INFO] e2e.steps: Waiting for '–î–æ–±–∞–≤–ª–µ–Ω–æ —Å–æ–±—ã—Ç–∏–π'... (155s)
2026-01-04 07:07:23,817 [INFO] e2e.steps: Waiting for '–î–æ–±–∞–≤–ª–µ–Ω–æ —Å–æ–±—ã—Ç–∏–π'... (165s)
2026-01-04 07:07:34,195 [INFO] e2e.steps: Waiting for '–î–æ–±–∞–≤–ª–µ–Ω–æ —Å–æ–±—ã—Ç–∏–π'... (175s)
      ASSERT FAILED: Timeout waiting for '–î–æ–±–∞–≤–ª–µ–Ω–æ —Å–æ–±—ã—Ç–∏–π'

2026-01-04 07:07:44,367 [ERROR] e2e.behave: ‚ùå –°—Ü–µ–Ω–∞—Ä–∏–π FAILED: –ü–∞—Ä—Å–∏–Ω–≥ —Å–æ–±—ã—Ç–∏–π –ø–æ —Å—Å—ã–ª–∫–µ —Å –î–æ–º–∞ –∏—Å–∫—É—Å—Å—Ç–≤
    –ò —è –¥–æ–ª–∂–µ–Ω –Ω–∞–π—Ç–∏ –≤ –æ—Ç–≤–µ—Ç–µ –¥–µ–π—Å—Ç–≤—É—é—â—É—é —Å—Å—ã–ª–∫—É –Ω–∞ —Ç–µ–ª–µ–≥—Ä–∞—Ñ                # None

2026-01-04 07:07:44,367 [INFO] telethon.network.mtprotosender: Disconnecting from 149.154.167.51:443/TcpFull...
2026-01-04 07:07:44,368 [INFO] telethon.network.mtprotosender: Disconnection from 149.154.167.51:443/TcpFull complete!
2026-01-04 07:07:44,368 [INFO] tests.e2e.human_client: Disconnected from Telegram
2026-01-04 07:07:44,368 [INFO] e2e.behave: Client disconnected
2026-01-04 07:07:44,368 [INFO] e2e.behave: ============================================================
2026-01-04 07:07:44,369 [INFO] e2e.behave: E2E BDD Test Suite Finished
2026-01-04 07:07:44,369 [INFO] e2e.behave: ============================================================

Failing scenarios:
  tests/e2e/features/dom_iskusstv.feature:13  –ü—Ä–æ–≤–µ—Ä–∫–∞ –º–µ–Ω—é VK
  tests/e2e/features/dom_iskusstv.feature:22  –ü–∞—Ä—Å–∏–Ω–≥ —Å–æ–±—ã—Ç–∏–π –ø–æ —Å—Å—ã–ª–∫–µ —Å –î–æ–º–∞ –∏—Å–∫—É—Å—Å—Ç–≤

0 features passed, 1 failed, 0 skipped
1 scenario passed, 2 failed, 0 skipped
21 steps passed, 2 failed, 2 skipped
Took 4min 7.167s
