2026-01-04 06:56:08,719 [INFO] e2e.behave: ============================================================
2026-01-04 06:56:08,719 [INFO] e2e.behave: E2E BDD Test Suite Starting
2026-01-04 06:56:08,719 [INFO] e2e.behave: ============================================================
2026-01-04 06:56:08,720 [INFO] telethon.network.mtprotosender: Connecting to 149.154.167.51:443/TcpFull...
2026-01-04 06:56:08,870 [INFO] telethon.network.mtprotosender: Connection to 149.154.167.51:443/TcpFull complete!
2026-01-04 06:56:09,817 [INFO] tests.e2e.human_client: Connected as: M (ID: 5130989066)
2026-01-04 06:56:09,817 [INFO] e2e.behave: Connected! Testing bot: @eventsbotTestBot
USING RUNNER: behave.runner:Runner
–§—É–Ω–∫—Ü–∏—è: –ü—Ä–æ–≤–µ—Ä–∫–∞ –ø–∞—Ä—Å–µ—Ä–∞ "–î–æ–º –∏—Å–∫—É—Å—Å—Ç–≤" # tests/e2e/features/dom_iskusstv.feature:2

  –§—É–Ω–∫—Ü–∏—è: –ü—Ä–æ–≤–µ—Ä–∫–∞ –ø–∞—Ä—Å–µ—Ä–∞ "–î–æ–º –∏—Å–∫—É—Å—Å—Ç–≤"  # tests/e2e/features/dom_iskusstv.feature:2
2026-01-04 06:56:09,818 [INFO] e2e.behave: 
üìå –°—Ü–µ–Ω–∞—Ä–∏–π: –ü—Ä–æ–≤–µ—Ä–∫–∞ –∫–Ω–æ–ø–∫–∏ "–î–æ–º –∏—Å–∫—É—Å—Å—Ç–≤" –≤ –∏–Ω–ª–∞–π–Ω-–º–µ–Ω—é –ø—Ä–æ–≤–µ—Ä–∫–∏ —Å–æ–±—ã—Ç–∏–π

  –°—Ü–µ–Ω–∞—Ä–∏–π: –ü—Ä–æ–≤–µ—Ä–∫–∞ –∫–Ω–æ–ø–∫–∏ "–î–æ–º –∏—Å–∫—É—Å—Å—Ç–≤" –≤ –∏–Ω–ª–∞–π–Ω-–º–µ–Ω—é –ø—Ä–æ–≤–µ—Ä–∫–∏ —Å–æ–±—ã—Ç–∏–π  # tests/e2e/features/dom_iskusstv.feature:8
    –î–∞–Ω–æ —è –∞–≤—Ç–æ—Ä–∏–∑–æ–≤–∞–Ω –≤ –∫–ª–∏–µ–Ω—Ç–µ Telethon                                  # tests/e2e/features/steps/bot_steps.py:49
2026-01-04 06:56:09,819 [INFO] e2e.steps: ‚úì –ö–ª–∏–µ–Ω—Ç –∞–≤—Ç–æ—Ä–∏–∑–æ–≤–∞–Ω
    –ò —è –æ—Ç–∫—Ä—ã–ª —á–∞—Ç —Å –±–æ—Ç–æ–º                                                 # tests/e2e/features/steps/bot_steps.py:57
2026-01-04 06:56:09,999 [INFO] e2e.steps: ‚úì –û—Ç–∫—Ä—ã—Ç —á–∞—Ç —Å @eventsbotTestBot
    –ö–æ–≥–¥–∞ —è –æ—Ç–ø—Ä–∞–≤–ª—è—é –∫–æ–º–∞–Ω–¥—É "/start"                                     # tests/e2e/features/steps/bot_steps.py:84
2026-01-04 06:56:15,782 [INFO] tests.e2e.human_client: Sent message: /start
      Traceback (most recent call last):
        File "/usr/local/python/3.12.1/lib/python3.12/asyncio/tasks.py", line 520, in wait_for
          return await fut
                 ^^^^^^^^^
      asyncio.exceptions.CancelledError
      
      The above exception was the direct cause of the following exception:
      
      Traceback (most recent call last):
        File "/usr/local/python/3.12.1/lib/python3.12/site-packages/behave/model.py", line 1991, in run
          match.run(runner.context)
        File "/usr/local/python/3.12.1/lib/python3.12/site-packages/behave/matchers.py", line 105, in run
          self.func(context, *args, **kwargs)
        File "tests/e2e/features/steps/bot_steps.py", line 100, in step_send_command
          run_async(context, _send())
        File "tests/e2e/features/steps/bot_steps.py", line 20, in run_async
          return context.loop.run_until_complete(awaitable)
                 ^^^^^^^^^^^^^^^^^^^^^^^^^^^^^^^^^^^^^^^^^^
        File "/usr/local/python/3.12.1/lib/python3.12/asyncio/base_events.py", line 684, in run_until_complete
          return future.result()
                 ^^^^^^^^^^^^^^^
        File "tests/e2e/features/steps/bot_steps.py", line 88, in _send
          response = await context.client.human_send_and_wait(
                     ^^^^^^^^^^^^^^^^^^^^^^^^^^^^^^^^^^^^^^^^^
        File "/workspaces/events-bot-new/tests/e2e/human_client.py", line 257, in human_send_and_wait
          response = await conv.get_response()
                     ^^^^^^^^^^^^^^^^^^^^^^^^^
        File "/usr/local/python/3.12.1/lib/python3.12/asyncio/tasks.py", line 519, in wait_for
          async with timeouts.timeout(timeout):
        File "/usr/local/python/3.12.1/lib/python3.12/asyncio/timeouts.py", line 115, in __aexit__
          raise TimeoutError from exc_val
      TimeoutError

2026-01-04 06:56:45,826 [ERROR] e2e.behave: ‚ùå –°—Ü–µ–Ω–∞—Ä–∏–π FAILED: –ü—Ä–æ–≤–µ—Ä–∫–∞ –∫–Ω–æ–ø–∫–∏ "–î–æ–º –∏—Å–∫—É—Å—Å—Ç–≤" –≤ –∏–Ω–ª–∞–π–Ω-–º–µ–Ω—é –ø—Ä–æ–≤–µ—Ä–∫–∏ —Å–æ–±—ã—Ç–∏–π
    –ò —è –∂–¥—É —Å–æ–æ–±—â–µ–Ω–∏—è —Å —Ç–µ–∫—Å—Ç–æ–º "Choose action"                            # None
    –¢–æ–≥–¥–∞ –ø–æ–¥ —Å–æ–æ–±—â–µ–Ω–∏–µ–º –¥–æ–ª–∂–Ω–∞ –±—ã—Ç—å –∫–Ω–æ–ø–∫–∞ "üèõ –î–æ–º –∏—Å–∫—É—Å—Å—Ç–≤"               # None
    –ö–æ–≥–¥–∞ —è –æ—Ç–ø—Ä–∞–≤–ª—è—é –∫–æ–º–∞–Ω–¥—É "/vk"                                        # None
    –¢–æ–≥–¥–∞ –ø–æ–¥ —Å–æ–æ–±—â–µ–Ω–∏–µ–º –¥–æ–ª–∂–Ω–∞ –±—ã—Ç—å –∫–Ω–æ–ø–∫–∞ "–ü—Ä–æ–≤–µ—Ä–∏—Ç—å —Å–æ–±—ã—Ç–∏—è"            # None
    –ö–æ–≥–¥–∞ —è –Ω–∞–∂–∏–º–∞—é –∏–Ω–ª–∞–π–Ω-–∫–Ω–æ–ø–∫—É "–ü—Ä–æ–≤–µ—Ä–∏—Ç—å —Å–æ–±—ã—Ç–∏—è"                      # None
    –¢–æ–≥–¥–∞ —è –∂–¥—É –æ–±–Ω–æ–≤–ª–µ–Ω–∏—è —Å–æ–æ–±—â–µ–Ω–∏—è                                       # None
    –ò —è –ª–æ–≥–∏—Ä—É—é –≤ –∫–æ–Ω—Å–æ–ª—å —Å–ø–∏—Å–æ–∫ –≤—Å–µ—Ö –∫–Ω–æ–ø–æ–∫, –∫–æ—Ç–æ—Ä—ã–µ –≤–∏–∂—É                 # None
2026-01-04 06:56:45,826 [INFO] e2e.behave: 
üìå –°—Ü–µ–Ω–∞—Ä–∏–π: –ü–∞—Ä—Å–∏–Ω–≥ —Å–æ–±—ã—Ç–∏–π –ø–æ —Å—Å—ã–ª–∫–µ —Å –î–æ–º–∞ –∏—Å–∫—É—Å—Å—Ç–≤

  –°—Ü–µ–Ω–∞—Ä–∏–π: –ü–∞—Ä—Å–∏–Ω–≥ —Å–æ–±—ã—Ç–∏–π –ø–æ —Å—Å—ã–ª–∫–µ —Å –î–æ–º–∞ –∏—Å–∫—É—Å—Å—Ç–≤                       # tests/e2e/features/dom_iskusstv.feature:18
    –î–∞–Ω–æ —è –∞–≤—Ç–æ—Ä–∏–∑–æ–≤–∞–Ω –≤ –∫–ª–∏–µ–Ω—Ç–µ Telethon                                   # tests/e2e/features/steps/bot_steps.py:49
2026-01-04 06:56:45,837 [INFO] e2e.steps: ‚úì –ö–ª–∏–µ–Ω—Ç –∞–≤—Ç–æ—Ä–∏–∑–æ–≤–∞–Ω
    –ò —è –æ—Ç–∫—Ä—ã–ª —á–∞—Ç —Å –±–æ—Ç–æ–º                                                  # tests/e2e/features/steps/bot_steps.py:57
2026-01-04 06:56:45,995 [INFO] e2e.steps: ‚úì –û—Ç–∫—Ä—ã—Ç —á–∞—Ç —Å @eventsbotTestBot
    –ö–æ–≥–¥–∞ —è –æ—Ç–ø—Ä–∞–≤–ª—è—é –∫–æ–º–∞–Ω–¥—É "/start"                                      # tests/e2e/features/steps/bot_steps.py:84
2026-01-04 06:56:51,810 [INFO] tests.e2e.human_client: Sent message: /start
      Traceback (most recent call last):
        File "/usr/local/python/3.12.1/lib/python3.12/asyncio/tasks.py", line 520, in wait_for
          return await fut
                 ^^^^^^^^^
      asyncio.exceptions.CancelledError
      
      The above exception was the direct cause of the following exception:
      
      Traceback (most recent call last):
        File "/usr/local/python/3.12.1/lib/python3.12/site-packages/behave/model.py", line 1991, in run
          match.run(runner.context)
        File "/usr/local/python/3.12.1/lib/python3.12/site-packages/behave/matchers.py", line 105, in run
          self.func(context, *args, **kwargs)
        File "tests/e2e/features/steps/bot_steps.py", line 100, in step_send_command
          run_async(context, _send())
        File "tests/e2e/features/steps/bot_steps.py", line 20, in run_async
          return context.loop.run_until_complete(awaitable)
                 ^^^^^^^^^^^^^^^^^^^^^^^^^^^^^^^^^^^^^^^^^^
        File "/usr/local/python/3.12.1/lib/python3.12/asyncio/base_events.py", line 684, in run_until_complete
          return future.result()
                 ^^^^^^^^^^^^^^^
        File "tests/e2e/features/steps/bot_steps.py", line 88, in _send
          response = await context.client.human_send_and_wait(
                     ^^^^^^^^^^^^^^^^^^^^^^^^^^^^^^^^^^^^^^^^^
        File "/workspaces/events-bot-new/tests/e2e/human_client.py", line 257, in human_send_and_wait
          response = await conv.get_response()
                     ^^^^^^^^^^^^^^^^^^^^^^^^^
        File "/usr/local/python/3.12.1/lib/python3.12/asyncio/tasks.py", line 519, in wait_for
          async with timeouts.timeout(timeout):
        File "/usr/local/python/3.12.1/lib/python3.12/asyncio/timeouts.py", line 115, in __aexit__
          raise TimeoutError from exc_val
      TimeoutError

2026-01-04 06:57:21,818 [ERROR] e2e.behave: ‚ùå –°—Ü–µ–Ω–∞—Ä–∏–π FAILED: –ü–∞—Ä—Å–∏–Ω–≥ —Å–æ–±—ã—Ç–∏–π –ø–æ —Å—Å—ã–ª–∫–µ —Å –î–æ–º–∞ –∏—Å–∫—É—Å—Å—Ç–≤
    –ò —è –∂–¥—É —Å–æ–æ–±—â–µ–Ω–∏—è —Å —Ç–µ–∫—Å—Ç–æ–º "Choose action"                             # None
    –ò —è –ª–æ–≥–∏—Ä—É—é –≤ –∫–æ–Ω—Å–æ–ª—å —Å–ø–∏—Å–æ–∫ –≤—Å–µ—Ö –∫–Ω–æ–ø–æ–∫, –∫–æ—Ç–æ—Ä—ã–µ –≤–∏–∂—É                  # None
    –¢–æ–≥–¥–∞ –ø–æ–¥ —Å–æ–æ–±—â–µ–Ω–∏–µ–º –¥–æ–ª–∂–Ω–∞ –±—ã—Ç—å –∫–Ω–æ–ø–∫–∞ "üèõ –î–æ–º –∏—Å–∫—É—Å—Å—Ç–≤"                # None
    –ö–æ–≥–¥–∞ —è –æ—Ç–ø—Ä–∞–≤–ª—è—é —Å–æ–æ–±—â–µ–Ω–∏–µ "üèõ –î–æ–º –∏—Å–∫—É—Å—Å—Ç–≤"                            # None
    –¢–æ–≥–¥–∞ —è –¥–æ–ª–∂–µ–Ω —É–≤–∏–¥–µ—Ç—å —Å–æ–æ–±—â–µ–Ω–∏–µ, —Å–æ–¥–µ—Ä–∂–∞—â–µ–µ —Ç–µ–∫—Å—Ç "–û—Ç–ø—Ä–∞–≤—å—Ç–µ —Å—Å—ã–ª–∫—É"   # None
    –ö–æ–≥–¥–∞ —è –æ—Ç–ø—Ä–∞–≤–ª—è—é —Å–æ–æ–±—â–µ–Ω–∏–µ "https://xn--b1admiilxbaki.xn--p1ai/skazka" # None
    –¢–æ–≥–¥–∞ —è –∂–¥—É –¥–æ–ª–≥–æ–π –æ–ø–µ—Ä–∞—Ü–∏–∏ —Å —Ç–µ–∫—Å—Ç–æ–º "–î–æ–±–∞–≤–ª–µ–Ω–æ —Å–æ–±—ã—Ç–∏–π"               # None
    –ò —è –¥–æ–ª–∂–µ–Ω –Ω–∞–π—Ç–∏ –≤ –æ—Ç–≤–µ—Ç–µ –¥–µ–π—Å—Ç–≤—É—é—â—É—é —Å—Å—ã–ª–∫—É –Ω–∞ —Ç–µ–ª–µ–≥—Ä–∞—Ñ                # None

2026-01-04 06:57:21,819 [INFO] telethon.network.mtprotosender: Disconnecting from 149.154.167.51:443/TcpFull...
2026-01-04 06:57:21,819 [INFO] telethon.network.mtprotosender: Disconnection from 149.154.167.51:443/TcpFull complete!
2026-01-04 06:57:21,820 [INFO] tests.e2e.human_client: Disconnected from Telegram
2026-01-04 06:57:21,820 [INFO] e2e.behave: Client disconnected
2026-01-04 06:57:21,820 [INFO] e2e.behave: ============================================================
2026-01-04 06:57:21,820 [INFO] e2e.behave: E2E BDD Test Suite Finished
2026-01-04 06:57:21,820 [INFO] e2e.behave: ============================================================

Errored scenarios:
  tests/e2e/features/dom_iskusstv.feature:8  –ü—Ä–æ–≤–µ—Ä–∫–∞ –∫–Ω–æ–ø–∫–∏ "–î–æ–º –∏—Å–∫—É—Å—Å—Ç–≤" –≤ –∏–Ω–ª–∞–π–Ω-–º–µ–Ω—é –ø—Ä–æ–≤–µ—Ä–∫–∏ —Å–æ–±—ã—Ç–∏–π
  tests/e2e/features/dom_iskusstv.feature:18  –ü–∞—Ä—Å–∏–Ω–≥ —Å–æ–±—ã—Ç–∏–π –ø–æ —Å—Å—ã–ª–∫–µ —Å –î–æ–º–∞ –∏—Å–∫—É—Å—Å—Ç–≤

0 features passed, 0 failed, 1 error, 0 skipped
0 scenarios passed, 0 failed, 2 error, 0 skipped
4 steps passed, 0 failed, 2 error, 15 skipped
Took 1min 11.986s
