2026-01-04 07:45:39,915 [INFO] e2e.behave: ============================================================
2026-01-04 07:45:39,915 [INFO] e2e.behave: E2E BDD Test Suite Starting
2026-01-04 07:45:39,916 [INFO] e2e.behave: ============================================================
2026-01-04 07:45:39,916 [INFO] telethon.network.mtprotosender: Connecting to 149.154.167.51:443/TcpFull...
2026-01-04 07:45:40,064 [INFO] telethon.network.mtprotosender: Connection to 149.154.167.51:443/TcpFull complete!
2026-01-04 07:45:41,002 [INFO] tests.e2e.human_client: Connected as: M (ID: 5130989066)
2026-01-04 07:45:41,002 [INFO] e2e.behave: Connected! Testing bot: @eventsbotTestBot
USING RUNNER: behave.runner:Runner
–§—É–Ω–∫—Ü–∏—è: –ü—Ä–æ–≤–µ—Ä–∫–∞ –ø–∞—Ä—Å–µ—Ä–∞ "–î–æ–º –∏—Å–∫—É—Å—Å—Ç–≤" # tests/e2e/features/dom_iskusstv.feature:2

  –§—É–Ω–∫—Ü–∏—è: –ü—Ä–æ–≤–µ—Ä–∫–∞ –ø–∞—Ä—Å–µ—Ä–∞ "–î–æ–º –∏—Å–∫—É—Å—Å—Ç–≤"  # tests/e2e/features/dom_iskusstv.feature:2
2026-01-04 07:45:41,003 [INFO] e2e.behave: 
üìå –°—Ü–µ–Ω–∞—Ä–∏–π: –ü—Ä–æ–≤–µ—Ä–∫–∞ —Å—Ç–∞—Ä—Ç–æ–≤–æ–≥–æ –º–µ–Ω—é

  –°—Ü–µ–Ω–∞—Ä–∏–π: –ü—Ä–æ–≤–µ—Ä–∫–∞ —Å—Ç–∞—Ä—Ç–æ–≤–æ–≥–æ –º–µ–Ω—é                         # tests/e2e/features/dom_iskusstv.feature:8
    –î–∞–Ω–æ —è –∞–≤—Ç–æ—Ä–∏–∑–æ–≤–∞–Ω –≤ –∫–ª–∏–µ–Ω—Ç–µ Telethon                    # tests/e2e/features/steps/bot_steps.py:49
2026-01-04 07:45:41,004 [INFO] e2e.steps: ‚úì –ö–ª–∏–µ–Ω—Ç –∞–≤—Ç–æ—Ä–∏–∑–æ–≤–∞–Ω
    –ò —è –æ—Ç–∫—Ä—ã–ª —á–∞—Ç —Å –±–æ—Ç–æ–º                                   # tests/e2e/features/steps/bot_steps.py:57
2026-01-04 07:45:41,165 [INFO] e2e.steps: ‚úì –û—Ç–∫—Ä—ã—Ç —á–∞—Ç —Å @eventsbotTestBot
    –ö–æ–≥–¥–∞ —è –æ—Ç–ø—Ä–∞–≤–ª—è—é –∫–æ–º–∞–Ω–¥—É "/start"                       # tests/e2e/features/steps/bot_steps.py:84
2026-01-04 07:45:47,195 [INFO] tests.e2e.human_client: Sent message: /start
      Traceback (most recent call last):
        File "/usr/local/python/3.12.1/lib/python3.12/asyncio/tasks.py", line 520, in wait_for
          return await fut
                 ^^^^^^^^^
      asyncio.exceptions.CancelledError
      
      The above exception was the direct cause of the following exception:
      
      Traceback (most recent call last):
        File "/usr/local/python/3.12.1/lib/python3.12/site-packages/behave/model.py", line 1991, in run
          match.run(runner.context)
        File "/usr/local/python/3.12.1/lib/python3.12/site-packages/behave/matchers.py", line 105, in run
          self.func(context, *args, **kwargs)
        File "tests/e2e/features/steps/bot_steps.py", line 100, in step_send_command
          run_async(context, _send())
        File "tests/e2e/features/steps/bot_steps.py", line 20, in run_async
          return context.loop.run_until_complete(awaitable)
                 ^^^^^^^^^^^^^^^^^^^^^^^^^^^^^^^^^^^^^^^^^^
        File "/usr/local/python/3.12.1/lib/python3.12/asyncio/base_events.py", line 684, in run_until_complete
          return future.result()
                 ^^^^^^^^^^^^^^^
        File "tests/e2e/features/steps/bot_steps.py", line 88, in _send
          response = await context.client.human_send_and_wait(
                     ^^^^^^^^^^^^^^^^^^^^^^^^^^^^^^^^^^^^^^^^^
        File "/workspaces/events-bot-new/tests/e2e/human_client.py", line 257, in human_send_and_wait
          response = await conv.get_response()
                     ^^^^^^^^^^^^^^^^^^^^^^^^^
        File "/usr/local/python/3.12.1/lib/python3.12/asyncio/tasks.py", line 519, in wait_for
          async with timeouts.timeout(timeout):
        File "/usr/local/python/3.12.1/lib/python3.12/asyncio/timeouts.py", line 115, in __aexit__
          raise TimeoutError from exc_val
      TimeoutError

2026-01-04 07:46:17,220 [ERROR] e2e.behave: ‚ùå –°—Ü–µ–Ω–∞—Ä–∏–π FAILED: –ü—Ä–æ–≤–µ—Ä–∫–∞ —Å—Ç–∞—Ä—Ç–æ–≤–æ–≥–æ –º–µ–Ω—é
    –ò —è –∂–¥—É —Å–æ–æ–±—â–µ–Ω–∏—è —Å —Ç–µ–∫—Å—Ç–æ–º "Choose action"              # None
    –¢–æ–≥–¥–∞ –ø–æ–¥ —Å–æ–æ–±—â–µ–Ω–∏–µ–º –¥–æ–ª–∂–Ω–∞ –±—ã—Ç—å –∫–Ω–æ–ø–∫–∞ "üèõ –î–æ–º –∏—Å–∫—É—Å—Å—Ç–≤" # None
2026-01-04 07:46:17,220 [INFO] e2e.behave: 
üìå –°—Ü–µ–Ω–∞—Ä–∏–π: –ü—Ä–æ–≤–µ—Ä–∫–∞ –º–µ–Ω—é VK

  –°—Ü–µ–Ω–∞—Ä–∏–π: –ü—Ä–æ–≤–µ—Ä–∫–∞ –º–µ–Ω—é VK              # tests/e2e/features/dom_iskusstv.feature:13
    –î–∞–Ω–æ —è –∞–≤—Ç–æ—Ä–∏–∑–æ–≤–∞–Ω –≤ –∫–ª–∏–µ–Ω—Ç–µ Telethon # tests/e2e/features/steps/bot_steps.py:49
2026-01-04 07:46:17,221 [INFO] e2e.steps: ‚úì –ö–ª–∏–µ–Ω—Ç –∞–≤—Ç–æ—Ä–∏–∑–æ–≤–∞–Ω
    –ò —è –æ—Ç–∫—Ä—ã–ª —á–∞—Ç —Å –±–æ—Ç–æ–º                # tests/e2e/features/steps/bot_steps.py:57
2026-01-04 07:46:17,382 [INFO] e2e.steps: ‚úì –û—Ç–∫—Ä—ã—Ç —á–∞—Ç —Å @eventsbotTestBot
2026-01-04 07:46:17,383 [INFO] e2e.behave: ‚úÖ –°—Ü–µ–Ω–∞—Ä–∏–π PASSED: –ü—Ä–æ–≤–µ—Ä–∫–∞ –º–µ–Ω—é VK
2026-01-04 07:46:17,383 [INFO] e2e.behave: 
üìå –°—Ü–µ–Ω–∞—Ä–∏–π: –ü—Ä–æ–≤–µ—Ä–∫–∞ –º–µ–Ω—é VK

  –°—Ü–µ–Ω–∞—Ä–∏–π: –ü—Ä–æ–≤–µ—Ä–∫–∞ –º–µ–Ω—é VK                                                                       # tests/e2e/features/dom_iskusstv.feature:14
    –î–∞–Ω–æ —è –∞–≤—Ç–æ—Ä–∏–∑–æ–≤–∞–Ω –≤ –∫–ª–∏–µ–Ω—Ç–µ Telethon                                                          # tests/e2e/features/steps/bot_steps.py:49
2026-01-04 07:46:17,383 [INFO] e2e.steps: ‚úì –ö–ª–∏–µ–Ω—Ç –∞–≤—Ç–æ—Ä–∏–∑–æ–≤–∞–Ω
    –ò —è –æ—Ç–∫—Ä—ã–ª —á–∞—Ç —Å –±–æ—Ç–æ–º                                                                         # tests/e2e/features/steps/bot_steps.py:57
2026-01-04 07:46:17,542 [INFO] e2e.steps: ‚úì –û—Ç–∫—Ä—ã—Ç —á–∞—Ç —Å @eventsbotTestBot
    –ö–æ–≥–¥–∞ —è –æ—Ç–ø—Ä–∞–≤–ª—è—é –∫–æ–º–∞–Ω–¥—É "/vk"                                                                # tests/e2e/features/steps/bot_steps.py:84
2026-01-04 07:46:21,612 [INFO] tests.e2e.human_client: Sent message: /vk
      Traceback (most recent call last):
        File "/usr/local/python/3.12.1/lib/python3.12/asyncio/tasks.py", line 520, in wait_for
          return await fut
                 ^^^^^^^^^
      asyncio.exceptions.CancelledError
      
      The above exception was the direct cause of the following exception:
      
      Traceback (most recent call last):
        File "/usr/local/python/3.12.1/lib/python3.12/site-packages/behave/model.py", line 1991, in run
          match.run(runner.context)
        File "/usr/local/python/3.12.1/lib/python3.12/site-packages/behave/matchers.py", line 105, in run
          self.func(context, *args, **kwargs)
        File "tests/e2e/features/steps/bot_steps.py", line 100, in step_send_command
          run_async(context, _send())
        File "tests/e2e/features/steps/bot_steps.py", line 20, in run_async
          return context.loop.run_until_complete(awaitable)
                 ^^^^^^^^^^^^^^^^^^^^^^^^^^^^^^^^^^^^^^^^^^
        File "/usr/local/python/3.12.1/lib/python3.12/asyncio/base_events.py", line 684, in run_until_complete
          return future.result()
                 ^^^^^^^^^^^^^^^
        File "tests/e2e/features/steps/bot_steps.py", line 88, in _send
          response = await context.client.human_send_and_wait(
                     ^^^^^^^^^^^^^^^^^^^^^^^^^^^^^^^^^^^^^^^^^
        File "/workspaces/events-bot-new/tests/e2e/human_client.py", line 257, in human_send_and_wait
          response = await conv.get_response()
                     ^^^^^^^^^^^^^^^^^^^^^^^^^
        File "/usr/local/python/3.12.1/lib/python3.12/asyncio/tasks.py", line 519, in wait_for
          async with timeouts.timeout(timeout):
        File "/usr/local/python/3.12.1/lib/python3.12/asyncio/timeouts.py", line 115, in __aexit__
          raise TimeoutError from exc_val
      TimeoutError

2026-01-04 07:46:51,615 [ERROR] e2e.behave: ‚ùå –°—Ü–µ–Ω–∞—Ä–∏–π FAILED: –ü—Ä–æ–≤–µ—Ä–∫–∞ –º–µ–Ω—é VK
    –¢–æ–≥–¥–∞ –ø–æ–¥ —Å–æ–æ–±—â–µ–Ω–∏–µ–º –¥–æ–ª–∂–Ω–∞ –±—ã—Ç—å –∫–Ω–æ–ø–∫–∞ "–ü—Ä–æ–≤–µ—Ä–∏—Ç—å —Å–æ–±—ã—Ç–∏—è"                                    # None
    –ö–æ–≥–¥–∞ —è –Ω–∞–∂–∏–º–∞—é –∏–Ω–ª–∞–π–Ω-–∫–Ω–æ–ø–∫—É "–ü—Ä–æ–≤–µ—Ä–∏—Ç—å —Å–æ–±—ã—Ç–∏—è"                                              # None
    –¢–æ–≥–¥–∞ —è –∂–¥—É —Å–æ–æ–±—â–µ–Ω–∏—è —Å —Ç–µ–∫—Å—Ç–æ–º "vk.com"                                                       # None
    –ò –ø–æ–¥ —Å–æ–æ–±—â–µ–Ω–∏–µ–º –¥–æ–ª–∂–Ω—ã –±—ã—Ç—å –∫–Ω–æ–ø–∫–∏: "‚úÖ –î–æ–±–∞–≤–∏—Ç—å, ‚è≠ –ü—Ä–æ–ø—É—Å—Ç–∏—Ç—å, üèõ –ò–∑–≤–ª–µ—á—å –∏–∑ –î–æ–º –∏—Å–∫—É—Å—Å—Ç–≤ (1)" # None

2026-01-04 07:46:51,617 [INFO] telethon.network.mtprotosender: Disconnecting from 149.154.167.51:443/TcpFull...
2026-01-04 07:46:51,617 [INFO] telethon.network.mtprotosender: Disconnection from 149.154.167.51:443/TcpFull complete!
2026-01-04 07:46:51,617 [INFO] tests.e2e.human_client: Disconnected from Telegram
2026-01-04 07:46:51,617 [INFO] e2e.behave: Client disconnected
2026-01-04 07:46:51,618 [INFO] e2e.behave: ============================================================
2026-01-04 07:46:51,618 [INFO] e2e.behave: E2E BDD Test Suite Finished
2026-01-04 07:46:51,618 [INFO] e2e.behave: ============================================================

Errored scenarios:
  tests/e2e/features/dom_iskusstv.feature:8  –ü—Ä–æ–≤–µ—Ä–∫–∞ —Å—Ç–∞—Ä—Ç–æ–≤–æ–≥–æ –º–µ–Ω—é
  tests/e2e/features/dom_iskusstv.feature:14  –ü—Ä–æ–≤–µ—Ä–∫–∞ –º–µ–Ω—é VK

0 features passed, 0 failed, 1 error, 0 skipped
1 scenario passed, 0 failed, 2 error, 0 skipped
6 steps passed, 0 failed, 2 error, 6 skipped
Took 1min 10.608s
